-- The C compiler identification is GNU 9.3.0
-- The CXX compiler identification is GNU 9.3.0
-- Check for working C compiler: /usr/bin/cc
-- Check for working C compiler: /usr/bin/cc -- works
-- Detecting C compiler ABI info
-- Detecting C compiler ABI info - done
-- Detecting C compile features
-- Detecting C compile features - done
-- Check for working CXX compiler: /usr/bin/c++
-- Check for working CXX compiler: /usr/bin/c++ -- works
-- Detecting CXX compiler ABI info
-- Detecting CXX compiler ABI info - done
-- Detecting CXX compile features
-- Detecting CXX compile features - done
-- Found ament_cmake: 0.9.8 (/opt/ros/foxy/share/ament_cmake/cmake)
-- Found PythonInterp: /usr/bin/python3 (found suitable version "3.8.5", minimum required is "3") 
-- Using PYTHON_EXECUTABLE: /usr/bin/python3
-- Configuring done
-- Generating done
-- Build files have been written to: /home/rmf-tester/ncs_ws/build/chart_assets
-- Install configuration: ""
-- Installing: /home/rmf-tester/ncs_ws/install/chart_assets/share/chart_assets/models
-- Installing: /home/rmf-tester/ncs_ws/install/chart_assets/share/chart_assets/models/MiR100
-- Installing: /home/rmf-tester/ncs_ws/install/chart_assets/share/chart_assets/models/MiR100/model.config
-- Installing: /home/rmf-tester/ncs_ws/install/chart_assets/share/chart_assets/models/MiR100/model.sdf
-- Installing: /home/rmf-tester/ncs_ws/install/chart_assets/share/chart_assets/models/MiR100/meshes
-- Installing: /home/rmf-tester/ncs_ws/install/chart_assets/share/chart_assets/models/MiR100/meshes/WheelSide.mtl
-- Installing: /home/rmf-tester/ncs_ws/install/chart_assets/share/chart_assets/models/MiR100/meshes/body.obj
-- Installing: /home/rmf-tester/ncs_ws/install/chart_assets/share/chart_assets/models/MiR100/meshes/WheelMain.mtl
-- Installing: /home/rmf-tester/ncs_ws/install/chart_assets/share/chart_assets/models/MiR100/meshes/body.mtl
-- Installing: /home/rmf-tester/ncs_ws/install/chart_assets/share/chart_assets/models/MiR100/meshes/WheelMain.obj
-- Installing: /home/rmf-tester/ncs_ws/install/chart_assets/share/chart_assets/models/MiR100/meshes/WheelSide.obj
-- Installing: /home/rmf-tester/ncs_ws/install/chart_assets/share/chart_assets/models/MiR100/meshes/texture.png
-- Installing: /home/rmf-tester/ncs_ws/install/chart_assets/share/ament_index/resource_index/package_run_dependencies/chart_assets
-- Installing: /home/rmf-tester/ncs_ws/install/chart_assets/share/ament_index/resource_index/parent_prefix_path/chart_assets
-- Installing: /home/rmf-tester/ncs_ws/install/chart_assets/share/chart_assets/environment/ament_prefix_path.sh
-- Installing: /home/rmf-tester/ncs_ws/install/chart_assets/share/chart_assets/environment/ament_prefix_path.dsv
-- Installing: /home/rmf-tester/ncs_ws/install/chart_assets/share/chart_assets/environment/path.sh
-- Installing: /home/rmf-tester/ncs_ws/install/chart_assets/share/chart_assets/environment/path.dsv
-- Installing: /home/rmf-tester/ncs_ws/install/chart_assets/share/chart_assets/local_setup.bash
-- Installing: /home/rmf-tester/ncs_ws/install/chart_assets/share/chart_assets/local_setup.sh
-- Installing: /home/rmf-tester/ncs_ws/install/chart_assets/share/chart_assets/local_setup.zsh
-- Installing: /home/rmf-tester/ncs_ws/install/chart_assets/share/chart_assets/local_setup.dsv
-- Installing: /home/rmf-tester/ncs_ws/install/chart_assets/share/chart_assets/package.dsv
-- Installing: /home/rmf-tester/ncs_ws/install/chart_assets/share/ament_index/resource_index/packages/chart_assets
-- Installing: /home/rmf-tester/ncs_ws/install/chart_assets/share/chart_assets/cmake/chart_assetsConfig.cmake
-- Installing: /home/rmf-tester/ncs_ws/install/chart_assets/share/chart_assets/cmake/chart_assetsConfig-version.cmake
-- Installing: /home/rmf-tester/ncs_ws/install/chart_assets/share/chart_assets/package.xml
