[0.017s] Invoking command in '/home/rmf-tester/ncs_ws/build/ff_examples_ros1': CMAKE_PREFIX_PATH=/home/rmf-tester/ncs_ws/install/free_fleet:${CMAKE_PREFIX_PATH} LD_LIBRARY_PATH=/home/rmf-tester/ncs_ws/install/free_fleet/lib:${LD_LIBRARY_PATH} PATH=/home/rmf-tester/ncs_ws/install/free_fleet/bin:${PATH} PKG_CONFIG_PATH=/home/rmf-tester/ncs_ws/install/free_fleet/lib/x86_64-linux-gnu/pkgconfig:/home/rmf-tester/ncs_ws/install/free_fleet/lib/pkgconfig:${PKG_CONFIG_PATH} /usr/bin/cmake /home/rmf-tester/ncs_ws/src/free_fleet/ff_examples_ros1 -DCATKIN_INSTALL_INTO_PREFIX_ROOT=0 -DCMAKE_INSTALL_PREFIX=/home/rmf-tester/ncs_ws/install/ff_examples_ros1
[0.070s] -- The C compiler identification is GNU 9.3.0
[0.123s] -- The CXX compiler identification is GNU 9.3.0
[0.129s] -- Check for working C compiler: /usr/bin/cc
[0.195s] -- Check for working C compiler: /usr/bin/cc -- works
[0.196s] -- Detecting C compiler ABI info
[0.262s] -- Detecting C compiler ABI info - done
[0.273s] -- Detecting C compile features
[0.273s] -- Detecting C compile features - done
[0.275s] -- Check for working CXX compiler: /usr/bin/c++
[0.350s] -- Check for working CXX compiler: /usr/bin/c++ -- works
[0.351s] -- Detecting CXX compiler ABI info
[0.426s] -- Detecting CXX compiler ABI info - done
[0.437s] -- Detecting CXX compile features
[0.438s] -- Detecting CXX compile features - done
[0.450s] catkin not found so skipping this ROS1 package
[0.450s] -- Configuring done
[0.450s] -- Generating done
[0.451s] CMake Warning:
[0.451s]   Manually-specified variables were not used by the project:
[0.451s] 
[0.451s]     CATKIN_INSTALL_INTO_PREFIX_ROOT
[0.451s] 
[0.451s] 
[0.451s] -- Build files have been written to: /home/rmf-tester/ncs_ws/build/ff_examples_ros1
[0.453s] Invoked command in '/home/rmf-tester/ncs_ws/build/ff_examples_ros1' returned '0': CMAKE_PREFIX_PATH=/home/rmf-tester/ncs_ws/install/free_fleet:${CMAKE_PREFIX_PATH} LD_LIBRARY_PATH=/home/rmf-tester/ncs_ws/install/free_fleet/lib:${LD_LIBRARY_PATH} PATH=/home/rmf-tester/ncs_ws/install/free_fleet/bin:${PATH} PKG_CONFIG_PATH=/home/rmf-tester/ncs_ws/install/free_fleet/lib/x86_64-linux-gnu/pkgconfig:/home/rmf-tester/ncs_ws/install/free_fleet/lib/pkgconfig:${PKG_CONFIG_PATH} /usr/bin/cmake /home/rmf-tester/ncs_ws/src/free_fleet/ff_examples_ros1 -DCATKIN_INSTALL_INTO_PREFIX_ROOT=0 -DCMAKE_INSTALL_PREFIX=/home/rmf-tester/ncs_ws/install/ff_examples_ros1
[0.455s] Invoking command in '/home/rmf-tester/ncs_ws/build/ff_examples_ros1': CMAKE_PREFIX_PATH=/home/rmf-tester/ncs_ws/install/free_fleet:${CMAKE_PREFIX_PATH} LD_LIBRARY_PATH=/home/rmf-tester/ncs_ws/install/free_fleet/lib:${LD_LIBRARY_PATH} PATH=/home/rmf-tester/ncs_ws/install/free_fleet/bin:${PATH} PKG_CONFIG_PATH=/home/rmf-tester/ncs_ws/install/free_fleet/lib/x86_64-linux-gnu/pkgconfig:/home/rmf-tester/ncs_ws/install/free_fleet/lib/pkgconfig:${PKG_CONFIG_PATH} /usr/bin/cmake --build /home/rmf-tester/ncs_ws/build/ff_examples_ros1 -- -j12 -l12
[0.497s] Invoked command in '/home/rmf-tester/ncs_ws/build/ff_examples_ros1' returned '0': CMAKE_PREFIX_PATH=/home/rmf-tester/ncs_ws/install/free_fleet:${CMAKE_PREFIX_PATH} LD_LIBRARY_PATH=/home/rmf-tester/ncs_ws/install/free_fleet/lib:${LD_LIBRARY_PATH} PATH=/home/rmf-tester/ncs_ws/install/free_fleet/bin:${PATH} PKG_CONFIG_PATH=/home/rmf-tester/ncs_ws/install/free_fleet/lib/x86_64-linux-gnu/pkgconfig:/home/rmf-tester/ncs_ws/install/free_fleet/lib/pkgconfig:${PKG_CONFIG_PATH} /usr/bin/cmake --build /home/rmf-tester/ncs_ws/build/ff_examples_ros1 -- -j12 -l12
