[0.020s] Invoking command in '/home/rmf-tester/ncs_ws/build/ff_rviz_plugins_ros1': CMAKE_PREFIX_PATH=/home/rmf-tester/ncs_ws/install/free_fleet:${CMAKE_PREFIX_PATH} LD_LIBRARY_PATH=/home/rmf-tester/ncs_ws/install/free_fleet/lib:${LD_LIBRARY_PATH} PATH=/home/rmf-tester/ncs_ws/install/free_fleet/bin:${PATH} PKG_CONFIG_PATH=/home/rmf-tester/ncs_ws/install/free_fleet/lib/x86_64-linux-gnu/pkgconfig:/home/rmf-tester/ncs_ws/install/free_fleet/lib/pkgconfig:${PKG_CONFIG_PATH} /usr/bin/cmake /home/rmf-tester/ncs_ws/src/free_fleet/ff_rviz_plugins_ros1 -DCATKIN_INSTALL_INTO_PREFIX_ROOT=0 -DCMAKE_INSTALL_PREFIX=/home/rmf-tester/ncs_ws/install/ff_rviz_plugins_ros1
[0.112s] -- The C compiler identification is GNU 9.3.0
[0.167s] -- The CXX compiler identification is GNU 9.3.0
[0.173s] -- Check for working C compiler: /usr/bin/cc
[0.243s] -- Check for working C compiler: /usr/bin/cc -- works
[0.243s] -- Detecting C compiler ABI info
[0.339s] -- Detecting C compiler ABI info - done
[0.349s] -- Detecting C compile features
[0.350s] -- Detecting C compile features - done
[0.352s] -- Check for working CXX compiler: /usr/bin/c++
[0.435s] -- Check for working CXX compiler: /usr/bin/c++ -- works
[0.436s] -- Detecting CXX compiler ABI info
[0.520s] -- Detecting CXX compiler ABI info - done
[0.532s] -- Detecting CXX compile features
[0.532s] -- Detecting CXX compile features - done
[0.546s] catkin not found so skipping this ROS1 package
[0.547s] -- Configuring done
[0.548s] -- Generating done
[0.548s] CMake Warning:
[0.548s]   Manually-specified variables were not used by the project:
[0.548s] 
[0.548s]     CATKIN_INSTALL_INTO_PREFIX_ROOT
[0.548s] 
[0.548s] 
[0.549s] -- Build files have been written to: /home/rmf-tester/ncs_ws/build/ff_rviz_plugins_ros1
[0.555s] Invoked command in '/home/rmf-tester/ncs_ws/build/ff_rviz_plugins_ros1' returned '0': CMAKE_PREFIX_PATH=/home/rmf-tester/ncs_ws/install/free_fleet:${CMAKE_PREFIX_PATH} LD_LIBRARY_PATH=/home/rmf-tester/ncs_ws/install/free_fleet/lib:${LD_LIBRARY_PATH} PATH=/home/rmf-tester/ncs_ws/install/free_fleet/bin:${PATH} PKG_CONFIG_PATH=/home/rmf-tester/ncs_ws/install/free_fleet/lib/x86_64-linux-gnu/pkgconfig:/home/rmf-tester/ncs_ws/install/free_fleet/lib/pkgconfig:${PKG_CONFIG_PATH} /usr/bin/cmake /home/rmf-tester/ncs_ws/src/free_fleet/ff_rviz_plugins_ros1 -DCATKIN_INSTALL_INTO_PREFIX_ROOT=0 -DCMAKE_INSTALL_PREFIX=/home/rmf-tester/ncs_ws/install/ff_rviz_plugins_ros1
[0.557s] Invoking command in '/home/rmf-tester/ncs_ws/build/ff_rviz_plugins_ros1': CMAKE_PREFIX_PATH=/home/rmf-tester/ncs_ws/install/free_fleet:${CMAKE_PREFIX_PATH} LD_LIBRARY_PATH=/home/rmf-tester/ncs_ws/install/free_fleet/lib:${LD_LIBRARY_PATH} PATH=/home/rmf-tester/ncs_ws/install/free_fleet/bin:${PATH} PKG_CONFIG_PATH=/home/rmf-tester/ncs_ws/install/free_fleet/lib/x86_64-linux-gnu/pkgconfig:/home/rmf-tester/ncs_ws/install/free_fleet/lib/pkgconfig:${PKG_CONFIG_PATH} /usr/bin/cmake --build /home/rmf-tester/ncs_ws/build/ff_rviz_plugins_ros1 -- -j12 -l12
[0.603s] Invoked command in '/home/rmf-tester/ncs_ws/build/ff_rviz_plugins_ros1' returned '0': CMAKE_PREFIX_PATH=/home/rmf-tester/ncs_ws/install/free_fleet:${CMAKE_PREFIX_PATH} LD_LIBRARY_PATH=/home/rmf-tester/ncs_ws/install/free_fleet/lib:${LD_LIBRARY_PATH} PATH=/home/rmf-tester/ncs_ws/install/free_fleet/bin:${PATH} PKG_CONFIG_PATH=/home/rmf-tester/ncs_ws/install/free_fleet/lib/x86_64-linux-gnu/pkgconfig:/home/rmf-tester/ncs_ws/install/free_fleet/lib/pkgconfig:${PKG_CONFIG_PATH} /usr/bin/cmake --build /home/rmf-tester/ncs_ws/build/ff_rviz_plugins_ros1 -- -j12 -l12
