[0.051s] Invoking command in '/home/rmf-tester/ncs_ws/build/free_fleet': CMAKE_PREFIX_PATH=/home/rmf-tester/rmf_demo_1.1.0_ws/install/demos:/home/rmf-tester/rmf_demo_1.1.0_ws/install/visualizer:/home/rmf-tester/rmf_demo_1.1.0_ws/install/traffic_editor:/home/rmf-tester/rmf_demo_1.1.0_ws/install/test_maps:/home/rmf-tester/rmf_demo_1.1.0_ws/install/rviz2_plugin:/home/rmf-tester/rmf_demo_1.1.0_ws/install/ros_ign:/home/rmf-tester/rmf_demo_1.1.0_ws/install/ros_ign_gazebo_demos:/home/rmf-tester/rmf_demo_1.1.0_ws/install/ros_ign_image:/home/rmf-tester/rmf_demo_1.1.0_ws/install/ros_ign_gazebo:/home/rmf-tester/rmf_demo_1.1.0_ws/install/ros_ign_bridge:/home/rmf-tester/rmf_demo_1.1.0_ws/install/rmf_workcell_msgs:/home/rmf-tester/rmf_demo_1.1.0_ws/install/rmf_schedule_visualizer:/home/rmf-tester/rmf_demo_1.1.0_ws/install/rmf_fleet_adapter:/home/rmf-tester/rmf_demo_1.1.0_ws/install/rmf_traffic_ros2:/home/rmf-tester/rmf_demo_1.1.0_ws/install/rmf_rviz_plugin:/home/rmf-tester/rmf_demo_1.1.0_ws/install/rmf_traffic:/home/rmf-tester/rmf_demo_1.1.0_ws/install/rmf_utils:/home/rmf-tester/rmf_demo_1.1.0_ws/install/rmf_traffic_msgs:/home/rmf-tester/rmf_demo_1.1.0_ws/install/rmf_task_msgs:/home/rmf-tester/rmf_demo_1.1.0_ws/install/rmf_schedule_visualizer_msgs:/home/rmf-tester/rmf_demo_1.1.0_ws/install/rmf_demo_assets:/home/rmf-tester/rmf_demo_1.1.0_ws/install/building_ignition_plugins:/home/rmf-tester/rmf_demo_1.1.0_ws/install/building_gazebo_plugins:/home/rmf-tester/rmf_demo_1.1.0_ws/install/building_sim_common:/home/rmf-tester/rmf_demo_1.1.0_ws/install/rmf_lift_msgs:/home/rmf-tester/rmf_demo_1.1.0_ws/install/rmf_gazebo_plugins:/home/rmf-tester/rmf_demo_1.1.0_ws/install/rmf_ingestor_msgs:/home/rmf-tester/rmf_demo_1.1.0_ws/install/rmf_fleet_msgs:/home/rmf-tester/rmf_demo_1.1.0_ws/install/rmf_door_msgs:/home/rmf-tester/rmf_demo_1.1.0_ws/install/rmf_dispenser_msgs:/home/rmf-tester/rmf_demo_1.1.0_ws/install/rmf_demos_dashboard_resources:/home/rmf-tester/rmf_demo_1.1.0_ws/install/rmf_demo_maps:/home/rmf-tester/rmf_demo_1.1.0_ws/install/rmf_cmake_uncrustify:/home/rmf-tester/rmf_demo_1.1.0_ws/install/traffic_editor_assets:/home/rmf-tester/rmf_demo_1.1.0_ws/install/fleet_state_visualizer:/home/rmf-tester/rmf_demo_1.1.0_ws/install/rmf_demo_tasks:/home/rmf-tester/rmf_demo_1.1.0_ws/install/building_systems_visualizer:/home/rmf-tester/rmf_demo_1.1.0_ws/install/building_map_tools:/opt/ros/foxy:/home/rmf-tester/rmf_demo_1.1.0_ws/install/menge:/home/rmf-tester/rmf_demo_1.1.0_ws/install/building_map_msgs:/home/rmf-tester/rmf_demo_1.1.0_ws/install/ament_cmake_catch2 /usr/bin/cmake /home/rmf-tester/ncs_ws/src/free_fleet/free_fleet -DCMAKE_INSTALL_PREFIX=/home/rmf-tester/ncs_ws/install/free_fleet
[0.595s] -- The C compiler identification is GNU 9.3.0
[0.595s] -- The CXX compiler identification is GNU 9.3.0
[0.596s] -- Check for working C compiler: /usr/bin/cc
[0.597s] -- Check for working C compiler: /usr/bin/cc -- works
[0.598s] -- Detecting C compiler ABI info
[0.598s] -- Detecting C compiler ABI info - done
[0.598s] -- Detecting C compile features
[0.598s] -- Detecting C compile features - done
[0.599s] -- Check for working CXX compiler: /usr/bin/c++
[0.599s] -- Check for working CXX compiler: /usr/bin/c++ -- works
[0.599s] -- Detecting CXX compiler ABI info
[0.599s] -- Detecting CXX compiler ABI info - done
[0.599s] -- Detecting CXX compile features
[0.599s] -- Detecting CXX compile features - done
[0.599s] -- Configuring done
[0.599s] -- Generating done
[0.600s] -- Build files have been written to: /home/rmf-tester/ncs_ws/build/free_fleet
[0.812s] Invoked command in '/home/rmf-tester/ncs_ws/build/free_fleet' returned '0': CMAKE_PREFIX_PATH=/home/rmf-tester/rmf_demo_1.1.0_ws/install/demos:/home/rmf-tester/rmf_demo_1.1.0_ws/install/visualizer:/home/rmf-tester/rmf_demo_1.1.0_ws/install/traffic_editor:/home/rmf-tester/rmf_demo_1.1.0_ws/install/test_maps:/home/rmf-tester/rmf_demo_1.1.0_ws/install/rviz2_plugin:/home/rmf-tester/rmf_demo_1.1.0_ws/install/ros_ign:/home/rmf-tester/rmf_demo_1.1.0_ws/install/ros_ign_gazebo_demos:/home/rmf-tester/rmf_demo_1.1.0_ws/install/ros_ign_image:/home/rmf-tester/rmf_demo_1.1.0_ws/install/ros_ign_gazebo:/home/rmf-tester/rmf_demo_1.1.0_ws/install/ros_ign_bridge:/home/rmf-tester/rmf_demo_1.1.0_ws/install/rmf_workcell_msgs:/home/rmf-tester/rmf_demo_1.1.0_ws/install/rmf_schedule_visualizer:/home/rmf-tester/rmf_demo_1.1.0_ws/install/rmf_fleet_adapter:/home/rmf-tester/rmf_demo_1.1.0_ws/install/rmf_traffic_ros2:/home/rmf-tester/rmf_demo_1.1.0_ws/install/rmf_rviz_plugin:/home/rmf-tester/rmf_demo_1.1.0_ws/install/rmf_traffic:/home/rmf-tester/rmf_demo_1.1.0_ws/install/rmf_utils:/home/rmf-tester/rmf_demo_1.1.0_ws/install/rmf_traffic_msgs:/home/rmf-tester/rmf_demo_1.1.0_ws/install/rmf_task_msgs:/home/rmf-tester/rmf_demo_1.1.0_ws/install/rmf_schedule_visualizer_msgs:/home/rmf-tester/rmf_demo_1.1.0_ws/install/rmf_demo_assets:/home/rmf-tester/rmf_demo_1.1.0_ws/install/building_ignition_plugins:/home/rmf-tester/rmf_demo_1.1.0_ws/install/building_gazebo_plugins:/home/rmf-tester/rmf_demo_1.1.0_ws/install/building_sim_common:/home/rmf-tester/rmf_demo_1.1.0_ws/install/rmf_lift_msgs:/home/rmf-tester/rmf_demo_1.1.0_ws/install/rmf_gazebo_plugins:/home/rmf-tester/rmf_demo_1.1.0_ws/install/rmf_ingestor_msgs:/home/rmf-tester/rmf_demo_1.1.0_ws/install/rmf_fleet_msgs:/home/rmf-tester/rmf_demo_1.1.0_ws/install/rmf_door_msgs:/home/rmf-tester/rmf_demo_1.1.0_ws/install/rmf_dispenser_msgs:/home/rmf-tester/rmf_demo_1.1.0_ws/install/rmf_demos_dashboard_resources:/home/rmf-tester/rmf_demo_1.1.0_ws/install/rmf_demo_maps:/home/rmf-tester/rmf_demo_1.1.0_ws/install/rmf_cmake_uncrustify:/home/rmf-tester/rmf_demo_1.1.0_ws/install/traffic_editor_assets:/home/rmf-tester/rmf_demo_1.1.0_ws/install/fleet_state_visualizer:/home/rmf-tester/rmf_demo_1.1.0_ws/install/rmf_demo_tasks:/home/rmf-tester/rmf_demo_1.1.0_ws/install/building_systems_visualizer:/home/rmf-tester/rmf_demo_1.1.0_ws/install/building_map_tools:/opt/ros/foxy:/home/rmf-tester/rmf_demo_1.1.0_ws/install/menge:/home/rmf-tester/rmf_demo_1.1.0_ws/install/building_map_msgs:/home/rmf-tester/rmf_demo_1.1.0_ws/install/ament_cmake_catch2 /usr/bin/cmake /home/rmf-tester/ncs_ws/src/free_fleet/free_fleet -DCMAKE_INSTALL_PREFIX=/home/rmf-tester/ncs_ws/install/free_fleet
[0.815s] Invoking command in '/home/rmf-tester/ncs_ws/build/free_fleet': CMAKE_PREFIX_PATH=/home/rmf-tester/rmf_demo_1.1.0_ws/install/demos:/home/rmf-tester/rmf_demo_1.1.0_ws/install/visualizer:/home/rmf-tester/rmf_demo_1.1.0_ws/install/traffic_editor:/home/rmf-tester/rmf_demo_1.1.0_ws/install/test_maps:/home/rmf-tester/rmf_demo_1.1.0_ws/install/rviz2_plugin:/home/rmf-tester/rmf_demo_1.1.0_ws/install/ros_ign:/home/rmf-tester/rmf_demo_1.1.0_ws/install/ros_ign_gazebo_demos:/home/rmf-tester/rmf_demo_1.1.0_ws/install/ros_ign_image:/home/rmf-tester/rmf_demo_1.1.0_ws/install/ros_ign_gazebo:/home/rmf-tester/rmf_demo_1.1.0_ws/install/ros_ign_bridge:/home/rmf-tester/rmf_demo_1.1.0_ws/install/rmf_workcell_msgs:/home/rmf-tester/rmf_demo_1.1.0_ws/install/rmf_schedule_visualizer:/home/rmf-tester/rmf_demo_1.1.0_ws/install/rmf_fleet_adapter:/home/rmf-tester/rmf_demo_1.1.0_ws/install/rmf_traffic_ros2:/home/rmf-tester/rmf_demo_1.1.0_ws/install/rmf_rviz_plugin:/home/rmf-tester/rmf_demo_1.1.0_ws/install/rmf_traffic:/home/rmf-tester/rmf_demo_1.1.0_ws/install/rmf_utils:/home/rmf-tester/rmf_demo_1.1.0_ws/install/rmf_traffic_msgs:/home/rmf-tester/rmf_demo_1.1.0_ws/install/rmf_task_msgs:/home/rmf-tester/rmf_demo_1.1.0_ws/install/rmf_schedule_visualizer_msgs:/home/rmf-tester/rmf_demo_1.1.0_ws/install/rmf_demo_assets:/home/rmf-tester/rmf_demo_1.1.0_ws/install/building_ignition_plugins:/home/rmf-tester/rmf_demo_1.1.0_ws/install/building_gazebo_plugins:/home/rmf-tester/rmf_demo_1.1.0_ws/install/building_sim_common:/home/rmf-tester/rmf_demo_1.1.0_ws/install/rmf_lift_msgs:/home/rmf-tester/rmf_demo_1.1.0_ws/install/rmf_gazebo_plugins:/home/rmf-tester/rmf_demo_1.1.0_ws/install/rmf_ingestor_msgs:/home/rmf-tester/rmf_demo_1.1.0_ws/install/rmf_fleet_msgs:/home/rmf-tester/rmf_demo_1.1.0_ws/install/rmf_door_msgs:/home/rmf-tester/rmf_demo_1.1.0_ws/install/rmf_dispenser_msgs:/home/rmf-tester/rmf_demo_1.1.0_ws/install/rmf_demos_dashboard_resources:/home/rmf-tester/rmf_demo_1.1.0_ws/install/rmf_demo_maps:/home/rmf-tester/rmf_demo_1.1.0_ws/install/rmf_cmake_uncrustify:/home/rmf-tester/rmf_demo_1.1.0_ws/install/traffic_editor_assets:/home/rmf-tester/rmf_demo_1.1.0_ws/install/fleet_state_visualizer:/home/rmf-tester/rmf_demo_1.1.0_ws/install/rmf_demo_tasks:/home/rmf-tester/rmf_demo_1.1.0_ws/install/building_systems_visualizer:/home/rmf-tester/rmf_demo_1.1.0_ws/install/building_map_tools:/opt/ros/foxy:/home/rmf-tester/rmf_demo_1.1.0_ws/install/menge:/home/rmf-tester/rmf_demo_1.1.0_ws/install/building_map_msgs:/home/rmf-tester/rmf_demo_1.1.0_ws/install/ament_cmake_catch2 /usr/bin/cmake --build /home/rmf-tester/ncs_ws/build/free_fleet -- -j12 -l12
[0.872s] [35m[1mScanning dependencies of target test_dds_sub_state[0m
[0.872s] [35m[1mScanning dependencies of target test_dds_pub_sim_path_request[0m
[0.873s] [35m[1mScanning dependencies of target free_fleet[0m
[0.873s] [35m[1mScanning dependencies of target test_dds_pub_mode_request[0m
[0.873s] [35m[1mScanning dependencies of target test_dds_pub_path_request[0m
[0.887s] [35m[1mScanning dependencies of target test_dds_pub_destination_request[0m
[0.895s] [  6%] [32mBuilding CXX object CMakeFiles/test_dds_pub_mode_request.dir/src/tests/test_dds_pub_mode_request.cpp.o[0m
[0.895s] [  6%] [32mBuilding CXX object CMakeFiles/test_dds_sub_state.dir/src/dds_utils/common.cpp.o[0m
[0.896s] [ 13%] [32mBuilding CXX object CMakeFiles/test_dds_pub_mode_request.dir/src/dds_utils/common.cpp.o[0m
[0.896s] [ 16%] [32mBuilding CXX object CMakeFiles/test_dds_sub_state.dir/src/tests/test_dds_sub_state.cpp.o[0m
[0.897s] [ 16%] [32mBuilding C object CMakeFiles/test_dds_pub_mode_request.dir/src/messages/FleetMessages.c.o[0m
[0.905s] [ 20%] [32mBuilding CXX object CMakeFiles/free_fleet.dir/src/Client.cpp.o[0m
[0.907s] [ 23%] [32mBuilding CXX object CMakeFiles/test_dds_pub_sim_path_request.dir/src/tests/test_dds_pub_sim_path_request.cpp.o[0m
[0.908s] [ 26%] [32mBuilding CXX object CMakeFiles/test_dds_pub_sim_path_request.dir/src/dds_utils/common.cpp.o[0m
[0.912s] [ 30%] [32mBuilding CXX object CMakeFiles/test_dds_pub_path_request.dir/src/tests/test_dds_pub_path_request.cpp.o[0m
[0.912s] [ 33%] [32mBuilding C object CMakeFiles/test_dds_pub_sim_path_request.dir/src/messages/FleetMessages.c.o[0m
[0.923s] [ 36%] [32mBuilding CXX object CMakeFiles/test_dds_pub_destination_request.dir/src/tests/test_dds_pub_destination_request.cpp.o[0m
[0.925s] [ 40%] [32mBuilding C object CMakeFiles/test_dds_sub_state.dir/src/messages/FleetMessages.c.o[0m
[0.981s] [ 43%] [32mBuilding CXX object CMakeFiles/test_dds_pub_destination_request.dir/src/dds_utils/common.cpp.o[0m
[1.060s] [ 46%] [32mBuilding CXX object CMakeFiles/test_dds_pub_path_request.dir/src/dds_utils/common.cpp.o[0m
[1.086s] [ 50%] [32mBuilding C object CMakeFiles/test_dds_pub_path_request.dir/src/messages/FleetMessages.c.o[0m
[1.242s] [ 53%] [32mBuilding CXX object CMakeFiles/free_fleet.dir/src/ClientImpl.cpp.o[0m
[1.334s] [ 56%] [32mBuilding C object CMakeFiles/test_dds_pub_destination_request.dir/src/messages/FleetMessages.c.o[0m
[1.357s] [ 60%] [32mBuilding CXX object CMakeFiles/free_fleet.dir/src/configs/ClientConfig.cpp.o[0m
[1.465s] [ 63%] [32mBuilding CXX object CMakeFiles/free_fleet.dir/src/Server.cpp.o[0m
[1.496s] [ 66%] [32mBuilding CXX object CMakeFiles/free_fleet.dir/src/ServerImpl.cpp.o[0m
[1.496s] [ 70%] [32mBuilding CXX object CMakeFiles/free_fleet.dir/src/configs/ServerConfig.cpp.o[0m
[1.529s] [ 73%] [32mBuilding C object CMakeFiles/free_fleet.dir/src/messages/FleetMessages.c.o[0m
[1.542s] [ 76%] [32m[1mLinking CXX executable test_dds_sub_state[0m
[1.558s] [ 80%] [32m[1mLinking CXX executable test_dds_pub_path_request[0m
[1.597s] [ 83%] [32m[1mLinking CXX executable test_dds_pub_destination_request[0m
[1.628s] [ 86%] [32mBuilding CXX object CMakeFiles/free_fleet.dir/src/messages/message_utils.cpp.o[0m
[1.721s] [ 90%] [32mBuilding CXX object CMakeFiles/free_fleet.dir/src/dds_utils/common.cpp.o[0m
[1.783s] [ 93%] [32m[1mLinking CXX executable test_dds_pub_sim_path_request[0m
[1.841s] [ 96%] [32m[1mLinking CXX executable test_dds_pub_mode_request[0m
[1.862s] [ 96%] Built target test_dds_pub_path_request
[1.862s] [ 96%] Built target test_dds_pub_destination_request
[1.887s] [ 96%] Built target test_dds_sub_state
[2.009s] [ 96%] Built target test_dds_pub_sim_path_request
[2.057s] [ 96%] Built target test_dds_pub_mode_request
[2.336s] [100%] [32m[1mLinking CXX shared library libfree_fleet.so[0m
[2.467s] [100%] Built target free_fleet
[2.479s] Invoked command in '/home/rmf-tester/ncs_ws/build/free_fleet' returned '0': CMAKE_PREFIX_PATH=/home/rmf-tester/rmf_demo_1.1.0_ws/install/demos:/home/rmf-tester/rmf_demo_1.1.0_ws/install/visualizer:/home/rmf-tester/rmf_demo_1.1.0_ws/install/traffic_editor:/home/rmf-tester/rmf_demo_1.1.0_ws/install/test_maps:/home/rmf-tester/rmf_demo_1.1.0_ws/install/rviz2_plugin:/home/rmf-tester/rmf_demo_1.1.0_ws/install/ros_ign:/home/rmf-tester/rmf_demo_1.1.0_ws/install/ros_ign_gazebo_demos:/home/rmf-tester/rmf_demo_1.1.0_ws/install/ros_ign_image:/home/rmf-tester/rmf_demo_1.1.0_ws/install/ros_ign_gazebo:/home/rmf-tester/rmf_demo_1.1.0_ws/install/ros_ign_bridge:/home/rmf-tester/rmf_demo_1.1.0_ws/install/rmf_workcell_msgs:/home/rmf-tester/rmf_demo_1.1.0_ws/install/rmf_schedule_visualizer:/home/rmf-tester/rmf_demo_1.1.0_ws/install/rmf_fleet_adapter:/home/rmf-tester/rmf_demo_1.1.0_ws/install/rmf_traffic_ros2:/home/rmf-tester/rmf_demo_1.1.0_ws/install/rmf_rviz_plugin:/home/rmf-tester/rmf_demo_1.1.0_ws/install/rmf_traffic:/home/rmf-tester/rmf_demo_1.1.0_ws/install/rmf_utils:/home/rmf-tester/rmf_demo_1.1.0_ws/install/rmf_traffic_msgs:/home/rmf-tester/rmf_demo_1.1.0_ws/install/rmf_task_msgs:/home/rmf-tester/rmf_demo_1.1.0_ws/install/rmf_schedule_visualizer_msgs:/home/rmf-tester/rmf_demo_1.1.0_ws/install/rmf_demo_assets:/home/rmf-tester/rmf_demo_1.1.0_ws/install/building_ignition_plugins:/home/rmf-tester/rmf_demo_1.1.0_ws/install/building_gazebo_plugins:/home/rmf-tester/rmf_demo_1.1.0_ws/install/building_sim_common:/home/rmf-tester/rmf_demo_1.1.0_ws/install/rmf_lift_msgs:/home/rmf-tester/rmf_demo_1.1.0_ws/install/rmf_gazebo_plugins:/home/rmf-tester/rmf_demo_1.1.0_ws/install/rmf_ingestor_msgs:/home/rmf-tester/rmf_demo_1.1.0_ws/install/rmf_fleet_msgs:/home/rmf-tester/rmf_demo_1.1.0_ws/install/rmf_door_msgs:/home/rmf-tester/rmf_demo_1.1.0_ws/install/rmf_dispenser_msgs:/home/rmf-tester/rmf_demo_1.1.0_ws/install/rmf_demos_dashboard_resources:/home/rmf-tester/rmf_demo_1.1.0_ws/install/rmf_demo_maps:/home/rmf-tester/rmf_demo_1.1.0_ws/install/rmf_cmake_uncrustify:/home/rmf-tester/rmf_demo_1.1.0_ws/install/traffic_editor_assets:/home/rmf-tester/rmf_demo_1.1.0_ws/install/fleet_state_visualizer:/home/rmf-tester/rmf_demo_1.1.0_ws/install/rmf_demo_tasks:/home/rmf-tester/rmf_demo_1.1.0_ws/install/building_systems_visualizer:/home/rmf-tester/rmf_demo_1.1.0_ws/install/building_map_tools:/opt/ros/foxy:/home/rmf-tester/rmf_demo_1.1.0_ws/install/menge:/home/rmf-tester/rmf_demo_1.1.0_ws/install/building_map_msgs:/home/rmf-tester/rmf_demo_1.1.0_ws/install/ament_cmake_catch2 /usr/bin/cmake --build /home/rmf-tester/ncs_ws/build/free_fleet -- -j12 -l12
[2.536s] Invoking command in '/home/rmf-tester/ncs_ws/build/free_fleet': CMAKE_PREFIX_PATH=/home/rmf-tester/rmf_demo_1.1.0_ws/install/demos:/home/rmf-tester/rmf_demo_1.1.0_ws/install/visualizer:/home/rmf-tester/rmf_demo_1.1.0_ws/install/traffic_editor:/home/rmf-tester/rmf_demo_1.1.0_ws/install/test_maps:/home/rmf-tester/rmf_demo_1.1.0_ws/install/rviz2_plugin:/home/rmf-tester/rmf_demo_1.1.0_ws/install/ros_ign:/home/rmf-tester/rmf_demo_1.1.0_ws/install/ros_ign_gazebo_demos:/home/rmf-tester/rmf_demo_1.1.0_ws/install/ros_ign_image:/home/rmf-tester/rmf_demo_1.1.0_ws/install/ros_ign_gazebo:/home/rmf-tester/rmf_demo_1.1.0_ws/install/ros_ign_bridge:/home/rmf-tester/rmf_demo_1.1.0_ws/install/rmf_workcell_msgs:/home/rmf-tester/rmf_demo_1.1.0_ws/install/rmf_schedule_visualizer:/home/rmf-tester/rmf_demo_1.1.0_ws/install/rmf_fleet_adapter:/home/rmf-tester/rmf_demo_1.1.0_ws/install/rmf_traffic_ros2:/home/rmf-tester/rmf_demo_1.1.0_ws/install/rmf_rviz_plugin:/home/rmf-tester/rmf_demo_1.1.0_ws/install/rmf_traffic:/home/rmf-tester/rmf_demo_1.1.0_ws/install/rmf_utils:/home/rmf-tester/rmf_demo_1.1.0_ws/install/rmf_traffic_msgs:/home/rmf-tester/rmf_demo_1.1.0_ws/install/rmf_task_msgs:/home/rmf-tester/rmf_demo_1.1.0_ws/install/rmf_schedule_visualizer_msgs:/home/rmf-tester/rmf_demo_1.1.0_ws/install/rmf_demo_assets:/home/rmf-tester/rmf_demo_1.1.0_ws/install/building_ignition_plugins:/home/rmf-tester/rmf_demo_1.1.0_ws/install/building_gazebo_plugins:/home/rmf-tester/rmf_demo_1.1.0_ws/install/building_sim_common:/home/rmf-tester/rmf_demo_1.1.0_ws/install/rmf_lift_msgs:/home/rmf-tester/rmf_demo_1.1.0_ws/install/rmf_gazebo_plugins:/home/rmf-tester/rmf_demo_1.1.0_ws/install/rmf_ingestor_msgs:/home/rmf-tester/rmf_demo_1.1.0_ws/install/rmf_fleet_msgs:/home/rmf-tester/rmf_demo_1.1.0_ws/install/rmf_door_msgs:/home/rmf-tester/rmf_demo_1.1.0_ws/install/rmf_dispenser_msgs:/home/rmf-tester/rmf_demo_1.1.0_ws/install/rmf_demos_dashboard_resources:/home/rmf-tester/rmf_demo_1.1.0_ws/install/rmf_demo_maps:/home/rmf-tester/rmf_demo_1.1.0_ws/install/rmf_cmake_uncrustify:/home/rmf-tester/rmf_demo_1.1.0_ws/install/traffic_editor_assets:/home/rmf-tester/rmf_demo_1.1.0_ws/install/fleet_state_visualizer:/home/rmf-tester/rmf_demo_1.1.0_ws/install/rmf_demo_tasks:/home/rmf-tester/rmf_demo_1.1.0_ws/install/building_systems_visualizer:/home/rmf-tester/rmf_demo_1.1.0_ws/install/building_map_tools:/opt/ros/foxy:/home/rmf-tester/rmf_demo_1.1.0_ws/install/menge:/home/rmf-tester/rmf_demo_1.1.0_ws/install/building_map_msgs:/home/rmf-tester/rmf_demo_1.1.0_ws/install/ament_cmake_catch2 /usr/bin/cmake --install /home/rmf-tester/ncs_ws/build/free_fleet
[2.547s] -- Install configuration: ""
[2.547s] -- Installing: /home/rmf-tester/ncs_ws/install/free_fleet/bin/test_dds_pub_destination_request
[2.548s] -- Set runtime path of "/home/rmf-tester/ncs_ws/install/free_fleet/bin/test_dds_pub_destination_request" to ""
[2.548s] -- Installing: /home/rmf-tester/ncs_ws/install/free_fleet/bin/test_dds_pub_mode_request
[2.548s] -- Set runtime path of "/home/rmf-tester/ncs_ws/install/free_fleet/bin/test_dds_pub_mode_request" to ""
[2.548s] -- Installing: /home/rmf-tester/ncs_ws/install/free_fleet/bin/test_dds_pub_path_request
[2.549s] -- Set runtime path of "/home/rmf-tester/ncs_ws/install/free_fleet/bin/test_dds_pub_path_request" to ""
[2.549s] -- Installing: /home/rmf-tester/ncs_ws/install/free_fleet/bin/test_dds_pub_sim_path_request
[2.549s] -- Set runtime path of "/home/rmf-tester/ncs_ws/install/free_fleet/bin/test_dds_pub_sim_path_request" to ""
[2.549s] -- Installing: /home/rmf-tester/ncs_ws/install/free_fleet/bin/test_dds_sub_state
[2.549s] -- Set runtime path of "/home/rmf-tester/ncs_ws/install/free_fleet/bin/test_dds_sub_state" to ""
[2.550s] -- Installing: /home/rmf-tester/ncs_ws/install/free_fleet/lib/libfree_fleet.so
[2.550s] -- Set runtime path of "/home/rmf-tester/ncs_ws/install/free_fleet/lib/libfree_fleet.so" to ""
[2.551s] -- Installing: /home/rmf-tester/ncs_ws/install/free_fleet/lib/cmake/free_fleet/free_fleet-targets.cmake
[2.551s] -- Installing: /home/rmf-tester/ncs_ws/install/free_fleet/lib/cmake/free_fleet/free_fleet-targets-noconfig.cmake
[2.551s] -- Installing: /home/rmf-tester/ncs_ws/install/free_fleet/include/free_fleet
[2.551s] -- Installing: /home/rmf-tester/ncs_ws/install/free_fleet/include/free_fleet/Client.hpp
[2.551s] -- Installing: /home/rmf-tester/ncs_ws/install/free_fleet/include/free_fleet/messages
[2.551s] -- Installing: /home/rmf-tester/ncs_ws/install/free_fleet/include/free_fleet/messages/PathRequest.hpp
[2.551s] -- Installing: /home/rmf-tester/ncs_ws/install/free_fleet/include/free_fleet/messages/ModeParameter.hpp
[2.552s] -- Installing: /home/rmf-tester/ncs_ws/install/free_fleet/include/free_fleet/messages/RobotMode.hpp
[2.552s] -- Installing: /home/rmf-tester/ncs_ws/install/free_fleet/include/free_fleet/messages/ModeRequest.hpp
[2.552s] -- Installing: /home/rmf-tester/ncs_ws/install/free_fleet/include/free_fleet/messages/RobotState.hpp
[2.552s] -- Installing: /home/rmf-tester/ncs_ws/install/free_fleet/include/free_fleet/messages/Location.hpp
[2.552s] -- Installing: /home/rmf-tester/ncs_ws/install/free_fleet/include/free_fleet/messages/DestinationRequest.hpp
[2.552s] -- Installing: /home/rmf-tester/ncs_ws/install/free_fleet/include/free_fleet/ServerConfig.hpp
[2.552s] -- Installing: /home/rmf-tester/ncs_ws/install/free_fleet/include/free_fleet/ClientConfig.hpp
[2.552s] -- Installing: /home/rmf-tester/ncs_ws/install/free_fleet/include/free_fleet/Server.hpp
[2.553s] -- Installing: /home/rmf-tester/ncs_ws/install/free_fleet/share/free_fleet/package.xml
[2.553s] -- Installing: /home/rmf-tester/ncs_ws/install/free_fleet/lib/cmake/free_fleet/free_fleet-config.cmake
[2.553s] -- Installing: /home/rmf-tester/ncs_ws/install/free_fleet/lib/cmake/free_fleet/free_fleet-config-version.cmake
[2.555s] Invoked command in '/home/rmf-tester/ncs_ws/build/free_fleet' returned '0': CMAKE_PREFIX_PATH=/home/rmf-tester/rmf_demo_1.1.0_ws/install/demos:/home/rmf-tester/rmf_demo_1.1.0_ws/install/visualizer:/home/rmf-tester/rmf_demo_1.1.0_ws/install/traffic_editor:/home/rmf-tester/rmf_demo_1.1.0_ws/install/test_maps:/home/rmf-tester/rmf_demo_1.1.0_ws/install/rviz2_plugin:/home/rmf-tester/rmf_demo_1.1.0_ws/install/ros_ign:/home/rmf-tester/rmf_demo_1.1.0_ws/install/ros_ign_gazebo_demos:/home/rmf-tester/rmf_demo_1.1.0_ws/install/ros_ign_image:/home/rmf-tester/rmf_demo_1.1.0_ws/install/ros_ign_gazebo:/home/rmf-tester/rmf_demo_1.1.0_ws/install/ros_ign_bridge:/home/rmf-tester/rmf_demo_1.1.0_ws/install/rmf_workcell_msgs:/home/rmf-tester/rmf_demo_1.1.0_ws/install/rmf_schedule_visualizer:/home/rmf-tester/rmf_demo_1.1.0_ws/install/rmf_fleet_adapter:/home/rmf-tester/rmf_demo_1.1.0_ws/install/rmf_traffic_ros2:/home/rmf-tester/rmf_demo_1.1.0_ws/install/rmf_rviz_plugin:/home/rmf-tester/rmf_demo_1.1.0_ws/install/rmf_traffic:/home/rmf-tester/rmf_demo_1.1.0_ws/install/rmf_utils:/home/rmf-tester/rmf_demo_1.1.0_ws/install/rmf_traffic_msgs:/home/rmf-tester/rmf_demo_1.1.0_ws/install/rmf_task_msgs:/home/rmf-tester/rmf_demo_1.1.0_ws/install/rmf_schedule_visualizer_msgs:/home/rmf-tester/rmf_demo_1.1.0_ws/install/rmf_demo_assets:/home/rmf-tester/rmf_demo_1.1.0_ws/install/building_ignition_plugins:/home/rmf-tester/rmf_demo_1.1.0_ws/install/building_gazebo_plugins:/home/rmf-tester/rmf_demo_1.1.0_ws/install/building_sim_common:/home/rmf-tester/rmf_demo_1.1.0_ws/install/rmf_lift_msgs:/home/rmf-tester/rmf_demo_1.1.0_ws/install/rmf_gazebo_plugins:/home/rmf-tester/rmf_demo_1.1.0_ws/install/rmf_ingestor_msgs:/home/rmf-tester/rmf_demo_1.1.0_ws/install/rmf_fleet_msgs:/home/rmf-tester/rmf_demo_1.1.0_ws/install/rmf_door_msgs:/home/rmf-tester/rmf_demo_1.1.0_ws/install/rmf_dispenser_msgs:/home/rmf-tester/rmf_demo_1.1.0_ws/install/rmf_demos_dashboard_resources:/home/rmf-tester/rmf_demo_1.1.0_ws/install/rmf_demo_maps:/home/rmf-tester/rmf_demo_1.1.0_ws/install/rmf_cmake_uncrustify:/home/rmf-tester/rmf_demo_1.1.0_ws/install/traffic_editor_assets:/home/rmf-tester/rmf_demo_1.1.0_ws/install/fleet_state_visualizer:/home/rmf-tester/rmf_demo_1.1.0_ws/install/rmf_demo_tasks:/home/rmf-tester/rmf_demo_1.1.0_ws/install/building_systems_visualizer:/home/rmf-tester/rmf_demo_1.1.0_ws/install/building_map_tools:/opt/ros/foxy:/home/rmf-tester/rmf_demo_1.1.0_ws/install/menge:/home/rmf-tester/rmf_demo_1.1.0_ws/install/building_map_msgs:/home/rmf-tester/rmf_demo_1.1.0_ws/install/ament_cmake_catch2 /usr/bin/cmake --install /home/rmf-tester/ncs_ws/build/free_fleet
