[0.044s] Invoking command in '/home/rmf-tester/ncs_ws/build/chart_maps': CMAKE_PREFIX_PATH=/home/rmf-tester/rmf_demo_1.1.0_ws/install/demos:/home/rmf-tester/rmf_demo_1.1.0_ws/install/visualizer:/home/rmf-tester/rmf_demo_1.1.0_ws/install/traffic_editor:/home/rmf-tester/rmf_demo_1.1.0_ws/install/test_maps:/home/rmf-tester/rmf_demo_1.1.0_ws/install/rviz2_plugin:/home/rmf-tester/rmf_demo_1.1.0_ws/install/ros_ign:/home/rmf-tester/rmf_demo_1.1.0_ws/install/ros_ign_gazebo_demos:/home/rmf-tester/rmf_demo_1.1.0_ws/install/ros_ign_image:/home/rmf-tester/rmf_demo_1.1.0_ws/install/ros_ign_gazebo:/home/rmf-tester/rmf_demo_1.1.0_ws/install/ros_ign_bridge:/home/rmf-tester/rmf_demo_1.1.0_ws/install/rmf_workcell_msgs:/home/rmf-tester/rmf_demo_1.1.0_ws/install/rmf_schedule_visualizer:/home/rmf-tester/rmf_demo_1.1.0_ws/install/rmf_fleet_adapter:/home/rmf-tester/rmf_demo_1.1.0_ws/install/rmf_traffic_ros2:/home/rmf-tester/rmf_demo_1.1.0_ws/install/rmf_rviz_plugin:/home/rmf-tester/rmf_demo_1.1.0_ws/install/rmf_traffic:/home/rmf-tester/rmf_demo_1.1.0_ws/install/rmf_utils:/home/rmf-tester/rmf_demo_1.1.0_ws/install/rmf_traffic_msgs:/home/rmf-tester/rmf_demo_1.1.0_ws/install/rmf_task_msgs:/home/rmf-tester/rmf_demo_1.1.0_ws/install/rmf_schedule_visualizer_msgs:/home/rmf-tester/rmf_demo_1.1.0_ws/install/rmf_demo_assets:/home/rmf-tester/rmf_demo_1.1.0_ws/install/building_ignition_plugins:/home/rmf-tester/rmf_demo_1.1.0_ws/install/building_gazebo_plugins:/home/rmf-tester/rmf_demo_1.1.0_ws/install/building_sim_common:/home/rmf-tester/rmf_demo_1.1.0_ws/install/rmf_lift_msgs:/home/rmf-tester/rmf_demo_1.1.0_ws/install/rmf_gazebo_plugins:/home/rmf-tester/rmf_demo_1.1.0_ws/install/rmf_ingestor_msgs:/home/rmf-tester/rmf_demo_1.1.0_ws/install/rmf_fleet_msgs:/home/rmf-tester/rmf_demo_1.1.0_ws/install/rmf_door_msgs:/home/rmf-tester/rmf_demo_1.1.0_ws/install/rmf_dispenser_msgs:/home/rmf-tester/rmf_demo_1.1.0_ws/install/rmf_demos_dashboard_resources:/home/rmf-tester/rmf_demo_1.1.0_ws/install/rmf_demo_maps:/home/rmf-tester/rmf_demo_1.1.0_ws/install/rmf_cmake_uncrustify:/home/rmf-tester/rmf_demo_1.1.0_ws/install/traffic_editor_assets:/home/rmf-tester/rmf_demo_1.1.0_ws/install/fleet_state_visualizer:/home/rmf-tester/rmf_demo_1.1.0_ws/install/rmf_demo_tasks:/home/rmf-tester/rmf_demo_1.1.0_ws/install/building_systems_visualizer:/home/rmf-tester/rmf_demo_1.1.0_ws/install/building_map_tools:/opt/ros/foxy:/home/rmf-tester/rmf_demo_1.1.0_ws/install/menge:/home/rmf-tester/rmf_demo_1.1.0_ws/install/building_map_msgs:/home/rmf-tester/rmf_demo_1.1.0_ws/install/ament_cmake_catch2 /usr/bin/cmake /home/rmf-tester/ncs_ws/src/chart/chart_maps -DCMAKE_INSTALL_PREFIX=/home/rmf-tester/ncs_ws/install/chart_maps
[0.584s] -- The C compiler identification is GNU 9.3.0
[0.584s] -- The CXX compiler identification is GNU 9.3.0
[0.585s] -- Check for working C compiler: /usr/bin/cc
[0.585s] -- Check for working C compiler: /usr/bin/cc -- works
[0.585s] -- Detecting C compiler ABI info
[0.585s] -- Detecting C compiler ABI info - done
[0.585s] -- Detecting C compile features
[0.585s] -- Detecting C compile features - done
[0.585s] -- Check for working CXX compiler: /usr/bin/c++
[0.585s] -- Check for working CXX compiler: /usr/bin/c++ -- works
[0.585s] -- Detecting CXX compiler ABI info
[0.586s] -- Detecting CXX compiler ABI info - done
[0.586s] -- Detecting CXX compile features
[0.586s] -- Detecting CXX compile features - done
[0.586s] -- Found ament_cmake: 0.9.8 (/opt/ros/foxy/share/ament_cmake/cmake)
[0.586s] -- Found PythonInterp: /usr/bin/python3 (found suitable version "3.8.5", minimum required is "3") 
[0.586s] -- Using PYTHON_EXECUTABLE: /usr/bin/python3
[0.831s] BUILDING WORLDFILE WITH COMMAND: ros2 run building_map_tools building_map_generator gazebo /home/rmf-tester/ncs_ws/src/chart/chart_maps/maps/chart.building.yaml /home/rmf-tester/ncs_ws/build/chart_maps/maps/chart/chart.world /home/rmf-tester/ncs_ws/build/chart_maps/maps/chart/models
[0.831s] DOWNLOADING MODELS WITH COMMAND: ros2 run building_map_tools building_map_model_downloader /home/rmf-tester/ncs_ws/src/chart/chart_maps/maps/chart.building.yaml
[0.832s] -- Configuring done
[0.837s] -- Generating done
[0.839s] -- Build files have been written to: /home/rmf-tester/ncs_ws/build/chart_maps
[0.844s] Invoked command in '/home/rmf-tester/ncs_ws/build/chart_maps' returned '0': CMAKE_PREFIX_PATH=/home/rmf-tester/rmf_demo_1.1.0_ws/install/demos:/home/rmf-tester/rmf_demo_1.1.0_ws/install/visualizer:/home/rmf-tester/rmf_demo_1.1.0_ws/install/traffic_editor:/home/rmf-tester/rmf_demo_1.1.0_ws/install/test_maps:/home/rmf-tester/rmf_demo_1.1.0_ws/install/rviz2_plugin:/home/rmf-tester/rmf_demo_1.1.0_ws/install/ros_ign:/home/rmf-tester/rmf_demo_1.1.0_ws/install/ros_ign_gazebo_demos:/home/rmf-tester/rmf_demo_1.1.0_ws/install/ros_ign_image:/home/rmf-tester/rmf_demo_1.1.0_ws/install/ros_ign_gazebo:/home/rmf-tester/rmf_demo_1.1.0_ws/install/ros_ign_bridge:/home/rmf-tester/rmf_demo_1.1.0_ws/install/rmf_workcell_msgs:/home/rmf-tester/rmf_demo_1.1.0_ws/install/rmf_schedule_visualizer:/home/rmf-tester/rmf_demo_1.1.0_ws/install/rmf_fleet_adapter:/home/rmf-tester/rmf_demo_1.1.0_ws/install/rmf_traffic_ros2:/home/rmf-tester/rmf_demo_1.1.0_ws/install/rmf_rviz_plugin:/home/rmf-tester/rmf_demo_1.1.0_ws/install/rmf_traffic:/home/rmf-tester/rmf_demo_1.1.0_ws/install/rmf_utils:/home/rmf-tester/rmf_demo_1.1.0_ws/install/rmf_traffic_msgs:/home/rmf-tester/rmf_demo_1.1.0_ws/install/rmf_task_msgs:/home/rmf-tester/rmf_demo_1.1.0_ws/install/rmf_schedule_visualizer_msgs:/home/rmf-tester/rmf_demo_1.1.0_ws/install/rmf_demo_assets:/home/rmf-tester/rmf_demo_1.1.0_ws/install/building_ignition_plugins:/home/rmf-tester/rmf_demo_1.1.0_ws/install/building_gazebo_plugins:/home/rmf-tester/rmf_demo_1.1.0_ws/install/building_sim_common:/home/rmf-tester/rmf_demo_1.1.0_ws/install/rmf_lift_msgs:/home/rmf-tester/rmf_demo_1.1.0_ws/install/rmf_gazebo_plugins:/home/rmf-tester/rmf_demo_1.1.0_ws/install/rmf_ingestor_msgs:/home/rmf-tester/rmf_demo_1.1.0_ws/install/rmf_fleet_msgs:/home/rmf-tester/rmf_demo_1.1.0_ws/install/rmf_door_msgs:/home/rmf-tester/rmf_demo_1.1.0_ws/install/rmf_dispenser_msgs:/home/rmf-tester/rmf_demo_1.1.0_ws/install/rmf_demos_dashboard_resources:/home/rmf-tester/rmf_demo_1.1.0_ws/install/rmf_demo_maps:/home/rmf-tester/rmf_demo_1.1.0_ws/install/rmf_cmake_uncrustify:/home/rmf-tester/rmf_demo_1.1.0_ws/install/traffic_editor_assets:/home/rmf-tester/rmf_demo_1.1.0_ws/install/fleet_state_visualizer:/home/rmf-tester/rmf_demo_1.1.0_ws/install/rmf_demo_tasks:/home/rmf-tester/rmf_demo_1.1.0_ws/install/building_systems_visualizer:/home/rmf-tester/rmf_demo_1.1.0_ws/install/building_map_tools:/opt/ros/foxy:/home/rmf-tester/rmf_demo_1.1.0_ws/install/menge:/home/rmf-tester/rmf_demo_1.1.0_ws/install/building_map_msgs:/home/rmf-tester/rmf_demo_1.1.0_ws/install/ament_cmake_catch2 /usr/bin/cmake /home/rmf-tester/ncs_ws/src/chart/chart_maps -DCMAKE_INSTALL_PREFIX=/home/rmf-tester/ncs_ws/install/chart_maps
[0.846s] Invoking command in '/home/rmf-tester/ncs_ws/build/chart_maps': CMAKE_PREFIX_PATH=/home/rmf-tester/rmf_demo_1.1.0_ws/install/demos:/home/rmf-tester/rmf_demo_1.1.0_ws/install/visualizer:/home/rmf-tester/rmf_demo_1.1.0_ws/install/traffic_editor:/home/rmf-tester/rmf_demo_1.1.0_ws/install/test_maps:/home/rmf-tester/rmf_demo_1.1.0_ws/install/rviz2_plugin:/home/rmf-tester/rmf_demo_1.1.0_ws/install/ros_ign:/home/rmf-tester/rmf_demo_1.1.0_ws/install/ros_ign_gazebo_demos:/home/rmf-tester/rmf_demo_1.1.0_ws/install/ros_ign_image:/home/rmf-tester/rmf_demo_1.1.0_ws/install/ros_ign_gazebo:/home/rmf-tester/rmf_demo_1.1.0_ws/install/ros_ign_bridge:/home/rmf-tester/rmf_demo_1.1.0_ws/install/rmf_workcell_msgs:/home/rmf-tester/rmf_demo_1.1.0_ws/install/rmf_schedule_visualizer:/home/rmf-tester/rmf_demo_1.1.0_ws/install/rmf_fleet_adapter:/home/rmf-tester/rmf_demo_1.1.0_ws/install/rmf_traffic_ros2:/home/rmf-tester/rmf_demo_1.1.0_ws/install/rmf_rviz_plugin:/home/rmf-tester/rmf_demo_1.1.0_ws/install/rmf_traffic:/home/rmf-tester/rmf_demo_1.1.0_ws/install/rmf_utils:/home/rmf-tester/rmf_demo_1.1.0_ws/install/rmf_traffic_msgs:/home/rmf-tester/rmf_demo_1.1.0_ws/install/rmf_task_msgs:/home/rmf-tester/rmf_demo_1.1.0_ws/install/rmf_schedule_visualizer_msgs:/home/rmf-tester/rmf_demo_1.1.0_ws/install/rmf_demo_assets:/home/rmf-tester/rmf_demo_1.1.0_ws/install/building_ignition_plugins:/home/rmf-tester/rmf_demo_1.1.0_ws/install/building_gazebo_plugins:/home/rmf-tester/rmf_demo_1.1.0_ws/install/building_sim_common:/home/rmf-tester/rmf_demo_1.1.0_ws/install/rmf_lift_msgs:/home/rmf-tester/rmf_demo_1.1.0_ws/install/rmf_gazebo_plugins:/home/rmf-tester/rmf_demo_1.1.0_ws/install/rmf_ingestor_msgs:/home/rmf-tester/rmf_demo_1.1.0_ws/install/rmf_fleet_msgs:/home/rmf-tester/rmf_demo_1.1.0_ws/install/rmf_door_msgs:/home/rmf-tester/rmf_demo_1.1.0_ws/install/rmf_dispenser_msgs:/home/rmf-tester/rmf_demo_1.1.0_ws/install/rmf_demos_dashboard_resources:/home/rmf-tester/rmf_demo_1.1.0_ws/install/rmf_demo_maps:/home/rmf-tester/rmf_demo_1.1.0_ws/install/rmf_cmake_uncrustify:/home/rmf-tester/rmf_demo_1.1.0_ws/install/traffic_editor_assets:/home/rmf-tester/rmf_demo_1.1.0_ws/install/fleet_state_visualizer:/home/rmf-tester/rmf_demo_1.1.0_ws/install/rmf_demo_tasks:/home/rmf-tester/rmf_demo_1.1.0_ws/install/building_systems_visualizer:/home/rmf-tester/rmf_demo_1.1.0_ws/install/building_map_tools:/opt/ros/foxy:/home/rmf-tester/rmf_demo_1.1.0_ws/install/menge:/home/rmf-tester/rmf_demo_1.1.0_ws/install/building_map_msgs:/home/rmf-tester/rmf_demo_1.1.0_ws/install/ament_cmake_catch2 /usr/bin/cmake --build /home/rmf-tester/ncs_ws/build/chart_maps -- -j12 -l12
[0.947s] [35m[1mScanning dependencies of target generate_chart[0m
[0.960s] [35m[1mScanning dependencies of target generate_chart_nav_graphs[0m
[0.994s] [35m[1mScanning dependencies of target generate_chart_ign[0m
[1.024s] [ 33%] [34m[1mGenerating maps/chart/chart.world[0m
[1.024s] [ 66%] [34m[1mGenerating maps/chart/nav_graphs/phony[0m
[1.089s] [100%] [34m[1mGenerating maps/chart_ign/chart.world[0m
[2.244s] generating /home/rmf-tester/ncs_ws/build/chart_maps/maps/chart/chart.world from /home/rmf-tester/ncs_ws/src/chart/chart_maps/maps/chart.building.yaml
[2.257s] generating /home/rmf-tester/ncs_ws/build/chart_maps/maps/chart_ign/chart.world from /home/rmf-tester/ncs_ws/src/chart/chart_maps/maps/chart.building.yaml
[2.302s] building name: building
[2.302s] parsing level B1
[2.302s] calculating levels relative to B1
[2.302s] level B1 scale: 0.012719561567487794
[2.305s] parsing lift LF001
[2.305s] generating nav data
[2.305s] hooray, we found an intersection: t=0.406, u=0.526
[2.305s]   (976.369,-1221.5),(779.71,-1224.27) and (896.512,-1141.76),(896.512,-1295.616)
[2.306s] found intersection with door chart_cssd_door!
[2.306s] hooray, we found an intersection: t=0.66, u=0.463
[2.306s]   (1410.695,-1702.449),(1760.108,-1699.524) and (1641.522,-1750.85),(1641.28,-1642.24)
[2.306s] found intersection with door LF001!
[2.306s] writing /home/rmf-tester/ncs_ws/build/chart_maps/maps/chart/nav_graphs/0.yaml
[2.336s] building name: building
[2.336s] parsing level B1
[2.336s] calculating levels relative to B1
[2.336s] level B1 scale: 0.012719561567487794
[2.339s] parsing lift LF001
[2.339s] generating model of level B1 in /home/rmf-tester/ncs_ws/build/chart_maps/maps/chart/models/building_B1
[2.340s]   wrote /home/rmf-tester/ncs_ws/build/chart_maps/maps/chart/models/building_B1/model.config
[2.340s] generating floor polygon 1 on floor building_B1
[2.340s] hole vertices: []
[2.340s] lift vertices: {}
[2.343s] [[5, 2, 0], [2, 1, 0], [2, 4, 3], [4, 2, 5]]
[2.343s]   wrote /home/rmf-tester/ncs_ws/build/chart_maps/maps/chart/models/building_B1/meshes/floor_1.obj
[2.343s]   wrote /home/rmf-tester/ncs_ws/build/chart_maps/maps/chart/models/building_B1/meshes/floor_1.mtl
[2.344s]   wrote /home/rmf-tester/ncs_ws/build/chart_maps/maps/chart/models/building_B1/meshes/floor_1.png
[2.344s] building name: building
[2.344s] parsing level B1
[2.344s] Walls Generation, wall params list: [['default', 1]]
[2.345s] generating wall: 1 on floor: building_B1
[2.345s] generate_wall_visual_mesh(building_B1, /home/rmf-tester/ncs_ws/build/chart_maps/maps/chart/models/building_B1)
[2.345s]   generating /home/rmf-tester/ncs_ws/build/chart_maps/maps/chart/models/building_B1/meshes/wall_1.obj
[2.345s] calculating levels relative to B1
[2.345s] level B1 scale: 0.012719561567487794
[2.347s] parsing lift LF001
[2.348s] generating model of level B1 in /home/rmf-tester/ncs_ws/build/chart_maps/maps/chart_ign/models/building_B1
[2.348s]   wrote /home/rmf-tester/ncs_ws/build/chart_maps/maps/chart_ign/models/building_B1/model.config
[2.348s] generating floor polygon 1 on floor building_B1
[2.348s] hole vertices: []
[2.348s] lift vertices: {}
[2.351s] [[5, 2, 0], [2, 1, 0], [2, 4, 3], [4, 2, 5]]
[2.351s]   generating /home/rmf-tester/ncs_ws/build/chart_maps/maps/chart/models/building_B1/meshes/wall_1.mtl
[2.351s]   copying wall textures into /home/rmf-tester/ncs_ws/build/chart_maps/maps/chart/models/building_B1/meshes
[2.352s]   wrote /home/rmf-tester/ncs_ws/build/chart_maps/maps/chart_ign/models/building_B1/meshes/floor_1.obj
[2.352s]   wrote /home/rmf-tester/ncs_ws/build/chart_maps/maps/chart_ign/models/building_B1/meshes/floor_1.mtl
[2.352s]   wrote /home/rmf-tester/ncs_ws/build/chart_maps/maps/chart_ign/models/building_B1/meshes/floor_1.png
[2.352s] Walls Generation, wall params list: [['default', 1]]
[2.352s] generating wall: 1 on floor: building_B1
[2.352s] generate_wall_visual_mesh(building_B1, /home/rmf-tester/ncs_ws/build/chart_maps/maps/chart_ign/models/building_B1)
[2.352s]   generating /home/rmf-tester/ncs_ws/build/chart_maps/maps/chart_ign/models/building_B1/meshes/wall_1.obj
[2.353s]   wrote /home/rmf-tester/ncs_ws/build/chart_maps/maps/chart/models/building_B1/model.sdf
[2.353s] generator options: ['gazebo']
[2.353s] spawning robot name mir100 of type MiR100
[2.353s] generate door name=LF001 type=double_sliding
[2.353s] Door(LF001)
[2.353s] generate door name=chart_cssd_door type=double_hinged
[2.353s] Door(chart_cssd_door)
[2.354s] [LF001] is not serving any floor, ignoring.
[2.354s] 7188 bytes written to /home/rmf-tester/ncs_ws/build/chart_maps/maps/chart/chart.world
[2.358s]   generating /home/rmf-tester/ncs_ws/build/chart_maps/maps/chart_ign/models/building_B1/meshes/wall_1.mtl
[2.358s]   copying wall textures into /home/rmf-tester/ncs_ws/build/chart_maps/maps/chart_ign/models/building_B1/meshes
[2.359s]   wrote /home/rmf-tester/ncs_ws/build/chart_maps/maps/chart_ign/models/building_B1/model.sdf
[2.359s] generator options: ['ignition']
[2.359s] spawning robot name mir100 of type MiR100
[2.360s] generate door name=LF001 type=double_sliding
[2.360s] Door(LF001)
[2.360s] generate door name=chart_cssd_door type=double_hinged
[2.360s] Door(chart_cssd_door)
[2.360s] [LF001] is not serving any floor, ignoring.
[2.361s] 10633 bytes written to /home/rmf-tester/ncs_ws/build/chart_maps/maps/chart_ign/chart.world
[2.382s] [100%] Built target generate_chart_nav_graphs
[2.434s] [100%] Built target generate_chart_ign
[3.106s] building name: building
[3.107s] parsing level B1
[3.107s] calculating levels relative to B1
[3.107s] level B1 scale: 0.012719561567487794
[3.110s] parsing lift LF001
[3.124s] Load success!
[3.124s] 
[3.124s] Cache found! Model count: 1998 
[3.124s] Updating cache...
[3.124s] Topping up Fuel (updating cache) from: https://fuel.ignitionrobotics.org/1.0/models
[3.124s] Fetching page: 1
[4.341s] Cached model found! Halting Fuel traversal...
[4.341s] Writing to cache: /home/rmf-tester/.pit_crew/model_cache.json
[4.378s] New models cached: 0
[4.378s] 
[4.384s] 
[4.384s] == REQUESTED MODEL REPORT ==
[4.384s] {'available': [], 'downloadable': [], 'missing': []}
[4.384s] 
[4.384s] == THE FOLLOWING MODELS HAVE SPECIFIED AUTHORS ==
[4.385s] {}
[4.385s] 
[4.451s] [100%] Built target generate_chart
[4.464s] Invoked command in '/home/rmf-tester/ncs_ws/build/chart_maps' returned '0': CMAKE_PREFIX_PATH=/home/rmf-tester/rmf_demo_1.1.0_ws/install/demos:/home/rmf-tester/rmf_demo_1.1.0_ws/install/visualizer:/home/rmf-tester/rmf_demo_1.1.0_ws/install/traffic_editor:/home/rmf-tester/rmf_demo_1.1.0_ws/install/test_maps:/home/rmf-tester/rmf_demo_1.1.0_ws/install/rviz2_plugin:/home/rmf-tester/rmf_demo_1.1.0_ws/install/ros_ign:/home/rmf-tester/rmf_demo_1.1.0_ws/install/ros_ign_gazebo_demos:/home/rmf-tester/rmf_demo_1.1.0_ws/install/ros_ign_image:/home/rmf-tester/rmf_demo_1.1.0_ws/install/ros_ign_gazebo:/home/rmf-tester/rmf_demo_1.1.0_ws/install/ros_ign_bridge:/home/rmf-tester/rmf_demo_1.1.0_ws/install/rmf_workcell_msgs:/home/rmf-tester/rmf_demo_1.1.0_ws/install/rmf_schedule_visualizer:/home/rmf-tester/rmf_demo_1.1.0_ws/install/rmf_fleet_adapter:/home/rmf-tester/rmf_demo_1.1.0_ws/install/rmf_traffic_ros2:/home/rmf-tester/rmf_demo_1.1.0_ws/install/rmf_rviz_plugin:/home/rmf-tester/rmf_demo_1.1.0_ws/install/rmf_traffic:/home/rmf-tester/rmf_demo_1.1.0_ws/install/rmf_utils:/home/rmf-tester/rmf_demo_1.1.0_ws/install/rmf_traffic_msgs:/home/rmf-tester/rmf_demo_1.1.0_ws/install/rmf_task_msgs:/home/rmf-tester/rmf_demo_1.1.0_ws/install/rmf_schedule_visualizer_msgs:/home/rmf-tester/rmf_demo_1.1.0_ws/install/rmf_demo_assets:/home/rmf-tester/rmf_demo_1.1.0_ws/install/building_ignition_plugins:/home/rmf-tester/rmf_demo_1.1.0_ws/install/building_gazebo_plugins:/home/rmf-tester/rmf_demo_1.1.0_ws/install/building_sim_common:/home/rmf-tester/rmf_demo_1.1.0_ws/install/rmf_lift_msgs:/home/rmf-tester/rmf_demo_1.1.0_ws/install/rmf_gazebo_plugins:/home/rmf-tester/rmf_demo_1.1.0_ws/install/rmf_ingestor_msgs:/home/rmf-tester/rmf_demo_1.1.0_ws/install/rmf_fleet_msgs:/home/rmf-tester/rmf_demo_1.1.0_ws/install/rmf_door_msgs:/home/rmf-tester/rmf_demo_1.1.0_ws/install/rmf_dispenser_msgs:/home/rmf-tester/rmf_demo_1.1.0_ws/install/rmf_demos_dashboard_resources:/home/rmf-tester/rmf_demo_1.1.0_ws/install/rmf_demo_maps:/home/rmf-tester/rmf_demo_1.1.0_ws/install/rmf_cmake_uncrustify:/home/rmf-tester/rmf_demo_1.1.0_ws/install/traffic_editor_assets:/home/rmf-tester/rmf_demo_1.1.0_ws/install/fleet_state_visualizer:/home/rmf-tester/rmf_demo_1.1.0_ws/install/rmf_demo_tasks:/home/rmf-tester/rmf_demo_1.1.0_ws/install/building_systems_visualizer:/home/rmf-tester/rmf_demo_1.1.0_ws/install/building_map_tools:/opt/ros/foxy:/home/rmf-tester/rmf_demo_1.1.0_ws/install/menge:/home/rmf-tester/rmf_demo_1.1.0_ws/install/building_map_msgs:/home/rmf-tester/rmf_demo_1.1.0_ws/install/ament_cmake_catch2 /usr/bin/cmake --build /home/rmf-tester/ncs_ws/build/chart_maps -- -j12 -l12
[4.493s] Invoking command in '/home/rmf-tester/ncs_ws/build/chart_maps': CMAKE_PREFIX_PATH=/home/rmf-tester/rmf_demo_1.1.0_ws/install/demos:/home/rmf-tester/rmf_demo_1.1.0_ws/install/visualizer:/home/rmf-tester/rmf_demo_1.1.0_ws/install/traffic_editor:/home/rmf-tester/rmf_demo_1.1.0_ws/install/test_maps:/home/rmf-tester/rmf_demo_1.1.0_ws/install/rviz2_plugin:/home/rmf-tester/rmf_demo_1.1.0_ws/install/ros_ign:/home/rmf-tester/rmf_demo_1.1.0_ws/install/ros_ign_gazebo_demos:/home/rmf-tester/rmf_demo_1.1.0_ws/install/ros_ign_image:/home/rmf-tester/rmf_demo_1.1.0_ws/install/ros_ign_gazebo:/home/rmf-tester/rmf_demo_1.1.0_ws/install/ros_ign_bridge:/home/rmf-tester/rmf_demo_1.1.0_ws/install/rmf_workcell_msgs:/home/rmf-tester/rmf_demo_1.1.0_ws/install/rmf_schedule_visualizer:/home/rmf-tester/rmf_demo_1.1.0_ws/install/rmf_fleet_adapter:/home/rmf-tester/rmf_demo_1.1.0_ws/install/rmf_traffic_ros2:/home/rmf-tester/rmf_demo_1.1.0_ws/install/rmf_rviz_plugin:/home/rmf-tester/rmf_demo_1.1.0_ws/install/rmf_traffic:/home/rmf-tester/rmf_demo_1.1.0_ws/install/rmf_utils:/home/rmf-tester/rmf_demo_1.1.0_ws/install/rmf_traffic_msgs:/home/rmf-tester/rmf_demo_1.1.0_ws/install/rmf_task_msgs:/home/rmf-tester/rmf_demo_1.1.0_ws/install/rmf_schedule_visualizer_msgs:/home/rmf-tester/rmf_demo_1.1.0_ws/install/rmf_demo_assets:/home/rmf-tester/rmf_demo_1.1.0_ws/install/building_ignition_plugins:/home/rmf-tester/rmf_demo_1.1.0_ws/install/building_gazebo_plugins:/home/rmf-tester/rmf_demo_1.1.0_ws/install/building_sim_common:/home/rmf-tester/rmf_demo_1.1.0_ws/install/rmf_lift_msgs:/home/rmf-tester/rmf_demo_1.1.0_ws/install/rmf_gazebo_plugins:/home/rmf-tester/rmf_demo_1.1.0_ws/install/rmf_ingestor_msgs:/home/rmf-tester/rmf_demo_1.1.0_ws/install/rmf_fleet_msgs:/home/rmf-tester/rmf_demo_1.1.0_ws/install/rmf_door_msgs:/home/rmf-tester/rmf_demo_1.1.0_ws/install/rmf_dispenser_msgs:/home/rmf-tester/rmf_demo_1.1.0_ws/install/rmf_demos_dashboard_resources:/home/rmf-tester/rmf_demo_1.1.0_ws/install/rmf_demo_maps:/home/rmf-tester/rmf_demo_1.1.0_ws/install/rmf_cmake_uncrustify:/home/rmf-tester/rmf_demo_1.1.0_ws/install/traffic_editor_assets:/home/rmf-tester/rmf_demo_1.1.0_ws/install/fleet_state_visualizer:/home/rmf-tester/rmf_demo_1.1.0_ws/install/rmf_demo_tasks:/home/rmf-tester/rmf_demo_1.1.0_ws/install/building_systems_visualizer:/home/rmf-tester/rmf_demo_1.1.0_ws/install/building_map_tools:/opt/ros/foxy:/home/rmf-tester/rmf_demo_1.1.0_ws/install/menge:/home/rmf-tester/rmf_demo_1.1.0_ws/install/building_map_msgs:/home/rmf-tester/rmf_demo_1.1.0_ws/install/ament_cmake_catch2 /usr/bin/cmake --install /home/rmf-tester/ncs_ws/build/chart_maps
[4.504s] -- Install configuration: ""
[4.504s] -- Installing: /home/rmf-tester/ncs_ws/install/chart_maps/share/chart_maps
[4.504s] -- Installing: /home/rmf-tester/ncs_ws/install/chart_maps/share/chart_maps/chart.png
[4.505s] -- Installing: /home/rmf-tester/ncs_ws/install/chart_maps/share/chart_maps/map_server_params.yaml
[4.505s] -- Installing: /home/rmf-tester/ncs_ws/install/chart_maps/share/chart_maps/chart_floor_plan.yaml
[4.505s] -- Installing: /home/rmf-tester/ncs_ws/install/chart_maps/share/chart_maps/chart.building.yaml
[4.506s] -- Installing: /home/rmf-tester/ncs_ws/install/chart_maps/share/chart_maps/layout.png
[4.506s] -- Installing: /home/rmf-tester/ncs_ws/install/chart_maps/share/chart_maps/mir_5cm.png
[4.506s] -- Installing: /home/rmf-tester/ncs_ws/install/chart_maps/share/chart_maps/chart.project.yaml
[4.506s] -- Installing: /home/rmf-tester/ncs_ws/install/chart_maps/share/ament_index/resource_index/package_run_dependencies/chart_maps
[4.506s] -- Installing: /home/rmf-tester/ncs_ws/install/chart_maps/share/ament_index/resource_index/parent_prefix_path/chart_maps
[4.506s] -- Installing: /home/rmf-tester/ncs_ws/install/chart_maps/share/chart_maps/environment/ament_prefix_path.sh
[4.506s] -- Installing: /home/rmf-tester/ncs_ws/install/chart_maps/share/chart_maps/environment/ament_prefix_path.dsv
[4.506s] -- Installing: /home/rmf-tester/ncs_ws/install/chart_maps/share/chart_maps/environment/path.sh
[4.506s] -- Installing: /home/rmf-tester/ncs_ws/install/chart_maps/share/chart_maps/environment/path.dsv
[4.507s] -- Installing: /home/rmf-tester/ncs_ws/install/chart_maps/share/chart_maps/local_setup.bash
[4.507s] -- Installing: /home/rmf-tester/ncs_ws/install/chart_maps/share/chart_maps/local_setup.sh
[4.507s] -- Installing: /home/rmf-tester/ncs_ws/install/chart_maps/share/chart_maps/local_setup.zsh
[4.507s] -- Installing: /home/rmf-tester/ncs_ws/install/chart_maps/share/chart_maps/local_setup.dsv
[4.507s] -- Installing: /home/rmf-tester/ncs_ws/install/chart_maps/share/chart_maps/package.dsv
[4.507s] -- Installing: /home/rmf-tester/ncs_ws/install/chart_maps/share/ament_index/resource_index/packages/chart_maps
[4.507s] -- Installing: /home/rmf-tester/ncs_ws/install/chart_maps/share/chart_maps/cmake/chart_mapsConfig.cmake
[4.508s] -- Installing: /home/rmf-tester/ncs_ws/install/chart_maps/share/chart_maps/cmake/chart_mapsConfig-version.cmake
[4.508s] -- Installing: /home/rmf-tester/ncs_ws/install/chart_maps/share/chart_maps/package.xml
[4.508s] -- Installing: /home/rmf-tester/ncs_ws/install/chart_maps/share/chart_maps/maps/chart_ign
[4.508s] -- Installing: /home/rmf-tester/ncs_ws/install/chart_maps/share/chart_maps/maps/chart_ign/chart.world
[4.508s] -- Installing: /home/rmf-tester/ncs_ws/install/chart_maps/share/chart_maps/maps/chart_ign/models
[4.508s] -- Installing: /home/rmf-tester/ncs_ws/install/chart_maps/share/chart_maps/maps/chart_ign/models/building_B1
[4.508s] -- Installing: /home/rmf-tester/ncs_ws/install/chart_maps/share/chart_maps/maps/chart_ign/models/building_B1/model.config
[4.508s] -- Installing: /home/rmf-tester/ncs_ws/install/chart_maps/share/chart_maps/maps/chart_ign/models/building_B1/model.sdf
[4.508s] -- Installing: /home/rmf-tester/ncs_ws/install/chart_maps/share/chart_maps/maps/chart_ign/models/building_B1/meshes
[4.509s] -- Installing: /home/rmf-tester/ncs_ws/install/chart_maps/share/chart_maps/maps/chart_ign/models/building_B1/meshes/wall_1.obj
[4.509s] -- Installing: /home/rmf-tester/ncs_ws/install/chart_maps/share/chart_maps/maps/chart_ign/models/building_B1/meshes/wall_1.mtl
[4.509s] -- Installing: /home/rmf-tester/ncs_ws/install/chart_maps/share/chart_maps/maps/chart_ign/models/building_B1/meshes/floor_1.png
[4.509s] -- Installing: /home/rmf-tester/ncs_ws/install/chart_maps/share/chart_maps/maps/chart_ign/models/building_B1/meshes/floor_1.obj
[4.509s] -- Installing: /home/rmf-tester/ncs_ws/install/chart_maps/share/chart_maps/maps/chart_ign/models/building_B1/meshes/floor_1.mtl
[4.509s] -- Installing: /home/rmf-tester/ncs_ws/install/chart_maps/share/chart_maps/maps/chart_ign/models/building_B1/meshes/default.png
[4.509s] -- Installing: /home/rmf-tester/ncs_ws/install/chart_maps/share/chart_maps/maps/chart
[4.509s] -- Installing: /home/rmf-tester/ncs_ws/install/chart_maps/share/chart_maps/maps/chart/chart.world
[4.509s] -- Installing: /home/rmf-tester/ncs_ws/install/chart_maps/share/chart_maps/maps/chart/models
[4.509s] -- Installing: /home/rmf-tester/ncs_ws/install/chart_maps/share/chart_maps/maps/chart/models/building_B1
[4.510s] -- Installing: /home/rmf-tester/ncs_ws/install/chart_maps/share/chart_maps/maps/chart/models/building_B1/model.config
[4.510s] -- Installing: /home/rmf-tester/ncs_ws/install/chart_maps/share/chart_maps/maps/chart/models/building_B1/model.sdf
[4.510s] -- Installing: /home/rmf-tester/ncs_ws/install/chart_maps/share/chart_maps/maps/chart/models/building_B1/meshes
[4.510s] -- Installing: /home/rmf-tester/ncs_ws/install/chart_maps/share/chart_maps/maps/chart/models/building_B1/meshes/wall_1.obj
[4.510s] -- Installing: /home/rmf-tester/ncs_ws/install/chart_maps/share/chart_maps/maps/chart/models/building_B1/meshes/wall_1.mtl
[4.510s] -- Installing: /home/rmf-tester/ncs_ws/install/chart_maps/share/chart_maps/maps/chart/models/building_B1/meshes/floor_1.png
[4.510s] -- Installing: /home/rmf-tester/ncs_ws/install/chart_maps/share/chart_maps/maps/chart/models/building_B1/meshes/floor_1.obj
[4.510s] -- Installing: /home/rmf-tester/ncs_ws/install/chart_maps/share/chart_maps/maps/chart/models/building_B1/meshes/floor_1.mtl
[4.510s] -- Installing: /home/rmf-tester/ncs_ws/install/chart_maps/share/chart_maps/maps/chart/models/building_B1/meshes/default.png
[4.510s] -- Installing: /home/rmf-tester/ncs_ws/install/chart_maps/share/chart_maps/maps/chart/nav_graphs
[4.511s] -- Installing: /home/rmf-tester/ncs_ws/install/chart_maps/share/chart_maps/maps/chart/nav_graphs/0.yaml
[4.514s] Invoked command in '/home/rmf-tester/ncs_ws/build/chart_maps' returned '0': CMAKE_PREFIX_PATH=/home/rmf-tester/rmf_demo_1.1.0_ws/install/demos:/home/rmf-tester/rmf_demo_1.1.0_ws/install/visualizer:/home/rmf-tester/rmf_demo_1.1.0_ws/install/traffic_editor:/home/rmf-tester/rmf_demo_1.1.0_ws/install/test_maps:/home/rmf-tester/rmf_demo_1.1.0_ws/install/rviz2_plugin:/home/rmf-tester/rmf_demo_1.1.0_ws/install/ros_ign:/home/rmf-tester/rmf_demo_1.1.0_ws/install/ros_ign_gazebo_demos:/home/rmf-tester/rmf_demo_1.1.0_ws/install/ros_ign_image:/home/rmf-tester/rmf_demo_1.1.0_ws/install/ros_ign_gazebo:/home/rmf-tester/rmf_demo_1.1.0_ws/install/ros_ign_bridge:/home/rmf-tester/rmf_demo_1.1.0_ws/install/rmf_workcell_msgs:/home/rmf-tester/rmf_demo_1.1.0_ws/install/rmf_schedule_visualizer:/home/rmf-tester/rmf_demo_1.1.0_ws/install/rmf_fleet_adapter:/home/rmf-tester/rmf_demo_1.1.0_ws/install/rmf_traffic_ros2:/home/rmf-tester/rmf_demo_1.1.0_ws/install/rmf_rviz_plugin:/home/rmf-tester/rmf_demo_1.1.0_ws/install/rmf_traffic:/home/rmf-tester/rmf_demo_1.1.0_ws/install/rmf_utils:/home/rmf-tester/rmf_demo_1.1.0_ws/install/rmf_traffic_msgs:/home/rmf-tester/rmf_demo_1.1.0_ws/install/rmf_task_msgs:/home/rmf-tester/rmf_demo_1.1.0_ws/install/rmf_schedule_visualizer_msgs:/home/rmf-tester/rmf_demo_1.1.0_ws/install/rmf_demo_assets:/home/rmf-tester/rmf_demo_1.1.0_ws/install/building_ignition_plugins:/home/rmf-tester/rmf_demo_1.1.0_ws/install/building_gazebo_plugins:/home/rmf-tester/rmf_demo_1.1.0_ws/install/building_sim_common:/home/rmf-tester/rmf_demo_1.1.0_ws/install/rmf_lift_msgs:/home/rmf-tester/rmf_demo_1.1.0_ws/install/rmf_gazebo_plugins:/home/rmf-tester/rmf_demo_1.1.0_ws/install/rmf_ingestor_msgs:/home/rmf-tester/rmf_demo_1.1.0_ws/install/rmf_fleet_msgs:/home/rmf-tester/rmf_demo_1.1.0_ws/install/rmf_door_msgs:/home/rmf-tester/rmf_demo_1.1.0_ws/install/rmf_dispenser_msgs:/home/rmf-tester/rmf_demo_1.1.0_ws/install/rmf_demos_dashboard_resources:/home/rmf-tester/rmf_demo_1.1.0_ws/install/rmf_demo_maps:/home/rmf-tester/rmf_demo_1.1.0_ws/install/rmf_cmake_uncrustify:/home/rmf-tester/rmf_demo_1.1.0_ws/install/traffic_editor_assets:/home/rmf-tester/rmf_demo_1.1.0_ws/install/fleet_state_visualizer:/home/rmf-tester/rmf_demo_1.1.0_ws/install/rmf_demo_tasks:/home/rmf-tester/rmf_demo_1.1.0_ws/install/building_systems_visualizer:/home/rmf-tester/rmf_demo_1.1.0_ws/install/building_map_tools:/opt/ros/foxy:/home/rmf-tester/rmf_demo_1.1.0_ws/install/menge:/home/rmf-tester/rmf_demo_1.1.0_ws/install/building_map_msgs:/home/rmf-tester/rmf_demo_1.1.0_ws/install/ament_cmake_catch2 /usr/bin/cmake --install /home/rmf-tester/ncs_ws/build/chart_maps
