-- The C compiler identification is GNU 9.3.0
-- The CXX compiler identification is GNU 9.3.0
-- Check for working C compiler: /usr/bin/cc
-- Check for working C compiler: /usr/bin/cc -- works
-- Detecting C compiler ABI info
-- Detecting C compiler ABI info - done
-- Detecting C compile features
-- Detecting C compile features - done
-- Check for working CXX compiler: /usr/bin/c++
-- Check for working CXX compiler: /usr/bin/c++ -- works
-- Detecting CXX compiler ABI info
-- Detecting CXX compiler ABI info - done
-- Detecting CXX compile features
-- Detecting CXX compile features - done
-- Found ament_cmake: 0.9.8 (/opt/ros/foxy/share/ament_cmake/cmake)
-- Found PythonInterp: /usr/bin/python3 (found suitable version "3.8.5", minimum required is "3") 
-- Using PYTHON_EXECUTABLE: /usr/bin/python3
-- Configuring done
-- Generating done
-- Build files have been written to: /home/rmf-tester/ncs_ws/build/chart_launch
-- Install configuration: ""
-- Installing: /home/rmf-tester/ncs_ws/install/chart_launch/share/chart_launch
-- Installing: /home/rmf-tester/ncs_ws/install/chart_launch/share/chart_launch/scenario_sim.launch.xml
-- Installing: /home/rmf-tester/ncs_ws/install/chart_launch/share/chart_launch/mir100_sim_adapter.launch.xml
-- Installing: /home/rmf-tester/ncs_ws/install/chart_launch/share/chart_launch/simulation.launch.xml
-- Installing: /home/rmf-tester/ncs_ws/install/chart_launch/share/chart_launch/common.launch.xml
-- Installing: /home/rmf-tester/ncs_ws/install/chart_launch/share/chart_launch/rmf.rviz
-- Installing: /home/rmf-tester/ncs_ws/install/chart_launch/share/chart_launch/include
-- Installing: /home/rmf-tester/ncs_ws/install/chart_launch/share/chart_launch/include/mir100_adapter.launch.xml
-- Installing: /home/rmf-tester/ncs_ws/install/chart_launch/share/chart_launch/scenario_hardware.launch.xml
-- Installing: /home/rmf-tester/ncs_ws/install/chart_launch/share/chart_launch/edit_traffic_world.launch.xml
-- Installing: /home/rmf-tester/ncs_ws/install/chart_launch/share/ament_index/resource_index/package_run_dependencies/chart_launch
-- Installing: /home/rmf-tester/ncs_ws/install/chart_launch/share/ament_index/resource_index/parent_prefix_path/chart_launch
-- Installing: /home/rmf-tester/ncs_ws/install/chart_launch/share/chart_launch/environment/ament_prefix_path.sh
-- Installing: /home/rmf-tester/ncs_ws/install/chart_launch/share/chart_launch/environment/ament_prefix_path.dsv
-- Installing: /home/rmf-tester/ncs_ws/install/chart_launch/share/chart_launch/environment/path.sh
-- Installing: /home/rmf-tester/ncs_ws/install/chart_launch/share/chart_launch/environment/path.dsv
-- Installing: /home/rmf-tester/ncs_ws/install/chart_launch/share/chart_launch/local_setup.bash
-- Installing: /home/rmf-tester/ncs_ws/install/chart_launch/share/chart_launch/local_setup.sh
-- Installing: /home/rmf-tester/ncs_ws/install/chart_launch/share/chart_launch/local_setup.zsh
-- Installing: /home/rmf-tester/ncs_ws/install/chart_launch/share/chart_launch/local_setup.dsv
-- Installing: /home/rmf-tester/ncs_ws/install/chart_launch/share/chart_launch/package.dsv
-- Installing: /home/rmf-tester/ncs_ws/install/chart_launch/share/ament_index/resource_index/packages/chart_launch
-- Installing: /home/rmf-tester/ncs_ws/install/chart_launch/share/chart_launch/cmake/chart_launchConfig.cmake
-- Installing: /home/rmf-tester/ncs_ws/install/chart_launch/share/chart_launch/cmake/chart_launchConfig-version.cmake
-- Installing: /home/rmf-tester/ncs_ws/install/chart_launch/share/chart_launch/package.xml
