/home/rmf-tester/ncs_ws/install/fleet_driver_mir/lib/python3.8/site-packages/fleet_driver_mir/__init__.py
/home/rmf-tester/ncs_ws/install/fleet_driver_mir/lib/python3.8/site-packages/fleet_driver_mir/jsontocsv.py
/home/rmf-tester/ncs_ws/install/fleet_driver_mir/lib/python3.8/site-packages/fleet_driver_mir/report_positions_in_rmf_coord.py
/home/rmf-tester/ncs_ws/install/fleet_driver_mir/lib/python3.8/site-packages/fleet_driver_mir/remove_move_coordinate.py
/home/rmf-tester/ncs_ws/install/fleet_driver_mir/lib/python3.8/site-packages/fleet_driver_mir/fleet_driver_mir.py
/home/rmf-tester/ncs_ws/install/fleet_driver_mir/lib/python3.8/site-packages/fleet_driver_mir/__pycache__/__init__.cpython-38.pyc
/home/rmf-tester/ncs_ws/install/fleet_driver_mir/lib/python3.8/site-packages/fleet_driver_mir/__pycache__/jsontocsv.cpython-38.pyc
/home/rmf-tester/ncs_ws/install/fleet_driver_mir/lib/python3.8/site-packages/fleet_driver_mir/__pycache__/report_positions_in_rmf_coord.cpython-38.pyc
/home/rmf-tester/ncs_ws/install/fleet_driver_mir/lib/python3.8/site-packages/fleet_driver_mir/__pycache__/remove_move_coordinate.cpython-38.pyc
/home/rmf-tester/ncs_ws/install/fleet_driver_mir/lib/python3.8/site-packages/fleet_driver_mir/__pycache__/fleet_driver_mir.cpython-38.pyc
/home/rmf-tester/ncs_ws/install/fleet_driver_mir/share/ament_index/resource_index/packages/fleet_driver_mir
/home/rmf-tester/ncs_ws/install/fleet_driver_mir/share/fleet_driver_mir/package.xml
/home/rmf-tester/ncs_ws/install/fleet_driver_mir/lib/python3.8/site-packages/fleet_driver_mir-0.0.0-py3.8.egg-info/requires.txt
/home/rmf-tester/ncs_ws/install/fleet_driver_mir/lib/python3.8/site-packages/fleet_driver_mir-0.0.0-py3.8.egg-info/top_level.txt
/home/rmf-tester/ncs_ws/install/fleet_driver_mir/lib/python3.8/site-packages/fleet_driver_mir-0.0.0-py3.8.egg-info/PKG-INFO
/home/rmf-tester/ncs_ws/install/fleet_driver_mir/lib/python3.8/site-packages/fleet_driver_mir-0.0.0-py3.8.egg-info/dependency_links.txt
/home/rmf-tester/ncs_ws/install/fleet_driver_mir/lib/python3.8/site-packages/fleet_driver_mir-0.0.0-py3.8.egg-info/entry_points.txt
/home/rmf-tester/ncs_ws/install/fleet_driver_mir/lib/python3.8/site-packages/fleet_driver_mir-0.0.0-py3.8.egg-info/zip-safe
/home/rmf-tester/ncs_ws/install/fleet_driver_mir/lib/python3.8/site-packages/fleet_driver_mir-0.0.0-py3.8.egg-info/SOURCES.txt
/home/rmf-tester/ncs_ws/install/fleet_driver_mir/lib/fleet_driver_mir/fleet_driver_mir
/home/rmf-tester/ncs_ws/install/fleet_driver_mir/lib/fleet_driver_mir/mir_position_converter
/home/rmf-tester/ncs_ws/install/fleet_driver_mir/lib/fleet_driver_mir/remove_mc
