running egg_info
creating ../../build/fleet_driver_mir/fleet_driver_mir.egg-info
writing ../../build/fleet_driver_mir/fleet_driver_mir.egg-info/PKG-INFO
writing dependency_links to ../../build/fleet_driver_mir/fleet_driver_mir.egg-info/dependency_links.txt
writing entry points to ../../build/fleet_driver_mir/fleet_driver_mir.egg-info/entry_points.txt
writing requirements to ../../build/fleet_driver_mir/fleet_driver_mir.egg-info/requires.txt
writing top-level names to ../../build/fleet_driver_mir/fleet_driver_mir.egg-info/top_level.txt
writing manifest file '../../build/fleet_driver_mir/fleet_driver_mir.egg-info/SOURCES.txt'
reading manifest file '../../build/fleet_driver_mir/fleet_driver_mir.egg-info/SOURCES.txt'
writing manifest file '../../build/fleet_driver_mir/fleet_driver_mir.egg-info/SOURCES.txt'
running build
running build_py
creating /home/rmf-tester/ncs_ws/build/fleet_driver_mir/build
creating /home/rmf-tester/ncs_ws/build/fleet_driver_mir/build/lib
creating /home/rmf-tester/ncs_ws/build/fleet_driver_mir/build/lib/fleet_driver_mir
copying fleet_driver_mir/__init__.py -> /home/rmf-tester/ncs_ws/build/fleet_driver_mir/build/lib/fleet_driver_mir
copying fleet_driver_mir/jsontocsv.py -> /home/rmf-tester/ncs_ws/build/fleet_driver_mir/build/lib/fleet_driver_mir
copying fleet_driver_mir/report_positions_in_rmf_coord.py -> /home/rmf-tester/ncs_ws/build/fleet_driver_mir/build/lib/fleet_driver_mir
copying fleet_driver_mir/remove_move_coordinate.py -> /home/rmf-tester/ncs_ws/build/fleet_driver_mir/build/lib/fleet_driver_mir
copying fleet_driver_mir/fleet_driver_mir.py -> /home/rmf-tester/ncs_ws/build/fleet_driver_mir/build/lib/fleet_driver_mir
running install
running install_lib
creating /home/rmf-tester/ncs_ws/install/fleet_driver_mir/lib/python3.8/site-packages/fleet_driver_mir
copying /home/rmf-tester/ncs_ws/build/fleet_driver_mir/build/lib/fleet_driver_mir/__init__.py -> /home/rmf-tester/ncs_ws/install/fleet_driver_mir/lib/python3.8/site-packages/fleet_driver_mir
copying /home/rmf-tester/ncs_ws/build/fleet_driver_mir/build/lib/fleet_driver_mir/jsontocsv.py -> /home/rmf-tester/ncs_ws/install/fleet_driver_mir/lib/python3.8/site-packages/fleet_driver_mir
copying /home/rmf-tester/ncs_ws/build/fleet_driver_mir/build/lib/fleet_driver_mir/report_positions_in_rmf_coord.py -> /home/rmf-tester/ncs_ws/install/fleet_driver_mir/lib/python3.8/site-packages/fleet_driver_mir
copying /home/rmf-tester/ncs_ws/build/fleet_driver_mir/build/lib/fleet_driver_mir/remove_move_coordinate.py -> /home/rmf-tester/ncs_ws/install/fleet_driver_mir/lib/python3.8/site-packages/fleet_driver_mir
copying /home/rmf-tester/ncs_ws/build/fleet_driver_mir/build/lib/fleet_driver_mir/fleet_driver_mir.py -> /home/rmf-tester/ncs_ws/install/fleet_driver_mir/lib/python3.8/site-packages/fleet_driver_mir
byte-compiling /home/rmf-tester/ncs_ws/install/fleet_driver_mir/lib/python3.8/site-packages/fleet_driver_mir/__init__.py to __init__.cpython-38.pyc
byte-compiling /home/rmf-tester/ncs_ws/install/fleet_driver_mir/lib/python3.8/site-packages/fleet_driver_mir/jsontocsv.py to jsontocsv.cpython-38.pyc
byte-compiling /home/rmf-tester/ncs_ws/install/fleet_driver_mir/lib/python3.8/site-packages/fleet_driver_mir/report_positions_in_rmf_coord.py to report_positions_in_rmf_coord.cpython-38.pyc
byte-compiling /home/rmf-tester/ncs_ws/install/fleet_driver_mir/lib/python3.8/site-packages/fleet_driver_mir/remove_move_coordinate.py to remove_move_coordinate.cpython-38.pyc
byte-compiling /home/rmf-tester/ncs_ws/install/fleet_driver_mir/lib/python3.8/site-packages/fleet_driver_mir/fleet_driver_mir.py to fleet_driver_mir.cpython-38.pyc
running install_data
creating /home/rmf-tester/ncs_ws/install/fleet_driver_mir/share/ament_index
creating /home/rmf-tester/ncs_ws/install/fleet_driver_mir/share/ament_index/resource_index
creating /home/rmf-tester/ncs_ws/install/fleet_driver_mir/share/ament_index/resource_index/packages
copying resource/fleet_driver_mir -> /home/rmf-tester/ncs_ws/install/fleet_driver_mir/share/ament_index/resource_index/packages
copying package.xml -> /home/rmf-tester/ncs_ws/install/fleet_driver_mir/share/fleet_driver_mir
running install_egg_info
Copying ../../build/fleet_driver_mir/fleet_driver_mir.egg-info to /home/rmf-tester/ncs_ws/install/fleet_driver_mir/lib/python3.8/site-packages/fleet_driver_mir-0.0.0-py3.8.egg-info
running install_scripts
Installing fleet_driver_mir script to /home/rmf-tester/ncs_ws/install/fleet_driver_mir/lib/fleet_driver_mir
Installing mir_position_converter script to /home/rmf-tester/ncs_ws/install/fleet_driver_mir/lib/fleet_driver_mir
Installing remove_mc script to /home/rmf-tester/ncs_ws/install/fleet_driver_mir/lib/fleet_driver_mir
writing list of installed files to '/home/rmf-tester/ncs_ws/build/fleet_driver_mir/install.log'
